This is pdfTeX, Version 3.14159265-2.6-1.40.19 (TeX Live 2018) (preloaded format=pdflatex 2018.4.16)  8 MAR 2019 16:47
entering extended mode
 restricted \write18 enabled.
 %&-line parsing enabled.
**scifile.tex
(./scifile.tex
LaTeX2e <2018-04-01> patch level 2
Babel <3.18> and hyphenation patterns for 84 language(s) loaded.
(/usr/local/texlive/2018/texmf-dist/tex/latex/base/article.cls
Document Class: article 2014/09/29 v1.4h Standard LaTeX document class
(/usr/local/texlive/2018/texmf-dist/tex/latex/base/size12.clo
File: size12.clo 2014/09/29 v1.4h Standard LaTeX file (size option)
)
\c@part=\count80
\c@section=\count81
\c@subsection=\count82
\c@subsubsection=\count83
\c@paragraph=\count84
\c@subparagraph=\count85
\c@figure=\count86
\c@table=\count87
\abovecaptionskip=\skip41
\belowcaptionskip=\skip42
\bibindent=\dimen102
) (./scicite.sty
LaTeX Info: Redefining \cite on input line 160.
LaTeX Info: Redefining \nocite on input line 227.
Package: scicite 2003/11/04  v 4.01
) (/usr/local/texlive/2018/texmf-dist/tex/latex/psnfss/times.sty
Package: times 2005/04/12 PSNFSS-v9.2a (SPQR) 
)
\c@lastnote=\count88

! Missing number, treated as zero.
<to be read again> 
                   }
l.76   \parbox{\linewidth}
                          {\centering
? 
! Illegal unit of measure (pt inserted).
<to be read again> 
                   }
l.76   \parbox{\linewidth}
                          {\centering
? 

! LaTeX Error: Missing \begin{document}.

See the LaTeX manual or LaTeX Companion for explanation.
Type  H <return>  for immediate help.
 ...                                              
                                                  
l.77     {J
           ordan A. Berg,$^{1}$
? 
LaTeX Font Info:    External font `cmex10' loaded for size
(Font)              <12> on input line 77.
LaTeX Font Info:    External font `cmex10' loaded for size
(Font)              <8> on input line 77.
LaTeX Font Info:    External font `cmex10' loaded for size
(Font)              <6> on input line 77.
! Missing $ inserted.
<inserted text> 
                $
l.81     Michael T. Howard,$^
                             {2},
? 
! Missing $ inserted.
<inserted text> 
                $
l.82     Aaron R Quinlan,$^
                           {2,3,5}$
? 

! LaTeX Error: There's no line here to end.

See the LaTeX manual or LaTeX Companion for explanation.
Type  H <return>  for immediate help.
 ...                                              
                                                  
l.84 \\
       
? 

! LaTeX Error: Missing \begin{document}.

See the LaTeX manual or LaTeX Companion for explanation.
Type  H <return>  for immediate help.
 ...                                              
                                                  
l.85 \normalsize{$
                  ^{1}$Department of Biochemistry, School of Medicine, Unive...

? 

! LaTeX Error: Missing \begin{document}.

See the LaTeX manual or LaTeX Companion for explanation.
Type  H <return>  for immediate help.
 ...                                              
                                                  
l.86 \normalsize{$
                  ^{2}$Department of Human Genetics, University of Utah, Sal...

? 

! LaTeX Error: Missing \begin{document}.

See the LaTeX manual or LaTeX Companion for explanation.
Type  H <return>  for immediate help.
 ...                                              
                                                  
l.87 \normalsize{$
                  ^{3}$USTAR Center for Genetic Discovery, University of Uta...

? 

! LaTeX Error: Missing \begin{document}.

See the LaTeX manual or LaTeX Companion for explanation.
Type  H <return>  for immediate help.
 ...                                              
                                                  
l.88 \normalsize{$
                  ^{4}$Department of Oncological Sciences, University of Uta...

? 

! LaTeX Error: Missing \begin{document}.

See the LaTeX manual or LaTeX Companion for explanation.
Type  H <return>  for immediate help.
 ...                                              
                                                  
l.89 \normalsize{$
                  ^{5}$Department of Biomedical Informatics, University of U...

? 

! LaTeX Error: Missing \begin{document}.

See the LaTeX manual or LaTeX Companion for explanation.
Type  H <return>  for immediate help.
 ...                                              
                                                  
l.90 \normalsize{$
                  ^{6}$Howard Hughes Medical Institute, University of Utah, ...

? 

! LaTeX Error: Missing \begin{document}.

See the LaTeX manual or LaTeX Companion for explanation.
Type  H <return>  for immediate help.
 ...                                              
                                                  
l.91 \normalsize{$
                  ^\ast$To whom correspondence should be addressed; E-mail: ...

? 
(./scifile.aux)
\openout1 = `scifile.aux'.

LaTeX Font Info:    Checking defaults for OML/cmm/m/it on input line 104.
LaTeX Font Info:    ... okay on input line 104.
LaTeX Font Info:    Checking defaults for T1/cmr/m/n on input line 104.
LaTeX Font Info:    ... okay on input line 104.
LaTeX Font Info:    Checking defaults for OT1/cmr/m/n on input line 104.
LaTeX Font Info:    ... okay on input line 104.
LaTeX Font Info:    Checking defaults for OMS/cmsy/m/n on input line 104.
LaTeX Font Info:    ... okay on input line 104.
LaTeX Font Info:    Checking defaults for OMX/cmex/m/n on input line 104.
LaTeX Font Info:    ... okay on input line 104.
LaTeX Font Info:    Checking defaults for U/cmr/m/n on input line 104.
LaTeX Font Info:    ... okay on input line 104.
LaTeX Font Info:    Try loading font information for OT1+ptm on input line 104.

 (/usr/local/texlive/2018/texmf-dist/tex/latex/psnfss/ot1ptm.fd
File: ot1ptm.fd 2001/06/04 font definitions for OT1/ptm.
) [1

{/usr/local/texlive/2018/texmf-var/fonts/map/pdftex/updmap/pdftex.map}]
LaTeX Font Info:    External font `cmex10' loaded for size
(Font)              <14.4> on input line 112.
LaTeX Font Info:    External font `cmex10' loaded for size
(Font)              <7> on input line 112.

! Missing \endcsname inserted.
<to be read again> 
                   \relax 
l.112 \maketitle
                
? 
! Missing \endcsname inserted.
<to be read again> 
                   \relax 
l.112 \maketitle
                
? 
! Missing \endcsname inserted.
<to be read again> 
                   \relax 
l.112 \maketitle
                
? 
! Missing \endcsname inserted.
<to be read again> 
                   \relax 
l.112 \maketitle
                
? 
! Missing \endcsname inserted.
<to be read again> 
                   \relax 
l.112 \maketitle
                
? 
! Missing \endcsname inserted.
<to be read again> 
                   \relax 
l.112 \maketitle
                
? 
! Missing \endcsname inserted.
<to be read again> 
                   \relax 
l.112 \maketitle
                
? 
! Missing \endcsname inserted.
<to be read again> 
                   \relax 
l.112 \maketitle
                
? 
! Missing \endcsname inserted.
<to be read again> 
                   \relax 
l.112 \maketitle
                
? 
! Missing \endcsname inserted.
<to be read again> 
                   \relax 
l.112 \maketitle
                
? 
! Missing \endcsname inserted.
<to be read again> 
                   \relax 
l.112 \maketitle
                
? 
! Missing \endcsname inserted.
<to be read again> 
                   \relax 
l.112 \maketitle
                
? 
! Missing \endcsname inserted.
<to be read again> 
                   \relax 
l.112 \maketitle
                
? 
! Missing \endcsname inserted.
<to be read again> 
                   \relax 
l.112 \maketitle
                
? 
! Missing \endcsname inserted.
<to be read again> 
                   \relax 
l.112 \maketitle
                
? 
! Missing \endcsname inserted.
<to be read again> 
                   \relax 
l.112 \maketitle
                
? 
! Missing \endcsname inserted.
<to be read again> 
                   \relax 
l.112 \maketitle
                
? 
! Missing \endcsname inserted.
<to be read again> 
                   \relax 
l.112 \maketitle
                
? 
! Missing \endcsname inserted.
<to be read again> 
                   \relax 
l.112 \maketitle
                
? 
! Missing \endcsname inserted.
<to be read again> 
                   \relax 
l.112 \maketitle
                
? 
! Missing \endcsname inserted.
<to be read again> 
                   \relax 
l.112 \maketitle
                
? 
! Missing \endcsname inserted.
<to be read again> 
                   \relax 
l.112 \maketitle
                
? 
! Missing \endcsname inserted.
<to be read again> 
                   \relax 
l.112 \maketitle
                
? 
! Missing \endcsname inserted.
<to be read again> 
                   \relax 
l.112 \maketitle
                
? 
! Missing \endcsname inserted.
<to be read again> 
                   \relax 
l.112 \maketitle
                
? 
! Missing \endcsname inserted.
<to be read again> 
                   \relax 
l.112 \maketitle
                
? 
! Missing \endcsname inserted.
<to be read again> 
                   \relax 
l.112 \maketitle
                
? 
! Missing \endcsname inserted.
<to be read again> 
                   \relax 
l.112 \maketitle
                
? 
! Missing \endcsname inserted.
<to be read again> 
                   \relax 
l.112 \maketitle
                
? 
! Missing \endcsname inserted.
<to be read again> 
                   \relax 
l.112 \maketitle
                
? 
! Missing \endcsname inserted.
<to be read again> 
                   \relax 
l.112 \maketitle
                
? 
! Missing \endcsname inserted.
<to be read again> 
                   \relax 
l.112 \maketitle
                
? 
! Missing \endcsname inserted.
<to be read again> 
                   \relax 
l.112 \maketitle
                
? 
! Missing \endcsname inserted.
<to be read again> 
                   \relax 
l.112 \maketitle
                
? 
! Missing \endcsname inserted.
<to be read again> 
                   \relax 
l.112 \maketitle
                
? 
! Missing \endcsname inserted.
<to be read again> 
                   \relax 
l.112 \maketitle
                
? 
! Missing \endcsname inserted.
<to be read again> 
                   \relax 
l.112 \maketitle
                
? 
! Missing \endcsname inserted.
<to be read again> 
                   \relax 
l.112 \maketitle
                
? 
! Missing \endcsname inserted.
<to be read again> 
                   \relax 
l.112 \maketitle
                
? 
! Missing \endcsname inserted.
<to be read again> 
                   \relax 
l.112 \maketitle
                
? 
! Missing \endcsname inserted.
<to be read again> 
                   \relax 
l.112 \maketitle
                
? 
! Missing \endcsname inserted.
<to be read again> 
                   \relax 
l.112 \maketitle
                
? 
! Missing \endcsname inserted.
<to be read again> 
                   \relax 
l.112 \maketitle
                
? 
! Missing \endcsname inserted.
<to be read again> 
                   \relax 
l.112 \maketitle
                
? 
! Missing \endcsname inserted.
<to be read again> 
                   \relax 
l.112 \maketitle
                
? 
! Missing \endcsname inserted.
<to be read again> 
                   \relax 
l.112 \maketitle
                
? 
! Missing \endcsname inserted.
<to be read again> 
                   \relax 
l.112 \maketitle
                
? 
! Missing \endcsname inserted.
<to be read again> 
                   \relax 
l.112 \maketitle
                
? 
! Missing \endcsname inserted.
<to be read again> 
                   \relax 
l.112 \maketitle
                
? 
! Missing \endcsname inserted.
<to be read again> 
                   \relax 
l.112 \maketitle
                
? 
! Missing \endcsname inserted.
<to be read again> 
                   \relax 
l.112 \maketitle
                
? 
! Missing \endcsname inserted.
<to be read again> 
                   \relax 
l.112 \maketitle
                
? 
! Missing \endcsname inserted.
<to be read again> 
                   \relax 
l.112 \maketitle
                
? 
! Missing \endcsname inserted.
<to be read again> 
                   \relax 
l.112 \maketitle
                
? 
! Missing \endcsname inserted.
<to be read again> 
                   \relax 
l.112 \maketitle
                
? 
! Missing \endcsname inserted.
<to be read again> 
                   \relax 
l.112 \maketitle
                
? 
! Missing \endcsname inserted.
<to be read again> 
                   \relax 
l.112 \maketitle
                
? 
! Missing \endcsname inserted.
<to be read again> 
                   \relax 
l.112 \maketitle
                
? 
! Missing \endcsname inserted.
<to be read again> 
                   \relax 
l.112 \maketitle
                
? 
! Missing \endcsname inserted.
<to be read again> 
                   \relax 
l.112 \maketitle
                
? 
! Missing \endcsname inserted.
<to be read again> 
                   \relax 
l.112 \maketitle
                
? 
! Missing \endcsname inserted.
<to be read again> 
                   \relax 
l.112 \maketitle
                
? 
! Missing \endcsname inserted.
<to be read again> 
                   \relax 
l.112 \maketitle
                
? 
! Missing \endcsname inserted.
<to be read again> 
                   \relax 
l.112 \maketitle
                
? 
! Missing \endcsname inserted.
<to be read again> 
                   \relax 
l.112 \maketitle
                
? 
! Missing \endcsname inserted.
<to be read again> 
                   \relax 
l.112 \maketitle
                
? 
! Missing \endcsname inserted.
<to be read again> 
                   \relax 
l.112 \maketitle
                
? 
! Missing \endcsname inserted.
<to be read again> 
                   \relax 
l.112 \maketitle
                
? 
! Missing \endcsname inserted.
<to be read again> 
                   \relax 
l.112 \maketitle
                
? 
! Missing \endcsname inserted.
<to be read again> 
                   \relax 
l.112 \maketitle
                
? 
! Missing \endcsname inserted.
<to be read again> 
                   \relax 
l.112 \maketitle
                
? 
! Missing \endcsname inserted.
<to be read again> 
                   \relax 
l.112 \maketitle
                
? 
! Missing \endcsname inserted.
<to be read again> 
                   \relax 
l.112 \maketitle
                
? 
! Missing \endcsname inserted.
<to be read again> 
                   \relax 
l.112 \maketitle
                
? 
! Missing \endcsname inserted.
<to be read again> 
                   \relax 
l.112 \maketitle
                
? 
! Missing \endcsname inserted.
<to be read again> 
                   \relax 
l.112 \maketitle
                
? 
! Missing \endcsname inserted.
<to be read again> 
                   \relax 
l.112 \maketitle
                
? 
! Missing \endcsname inserted.
<to be read again> 
                   \relax 
l.112 \maketitle
                
? 
! Missing \endcsname inserted.
<to be read again> 
                   \relax 
l.112 \maketitle
                
? 
! Missing \endcsname inserted.
<to be read again> 
                   \relax 
l.112 \maketitle
                
? 
! Missing \endcsname inserted.
<to be read again> 
                   \relax 
l.112 \maketitle
                
? 
! Missing \endcsname inserted.
<to be read again> 
                   \relax 
l.112 \maketitle
                
? 
! Missing \endcsname inserted.
<to be read again> 
                   \relax 
l.112 \maketitle
                
? 
! Emergency stop.
<to be read again> 
                   \relax 
l.112 \maketitle
                
End of file on the terminal!

 
Here is how much of TeX's memory you used:
 345 strings out of 492649
 3966 string characters out of 6129622
 61782 words of memory out of 5000000
 4296 multiletter control sequences out of 15000+600000
 9888 words of font info for 30 fonts, out of 8000000 for 9000
 1141 hyphenation exceptions out of 8191
 87i,6n,88p,141b,274s stack positions out of 5000i,500n,10000p,200000b,80000s
!  ==> Fatal error occurred, no output PDF file produced!
