This is pdfTeX, Version 3.14159265-2.6-1.40.19 (TeX Live 2018) (preloaded format=pdflatex 2018.4.16)  30 JUL 2019 18:00
entering extended mode
 restricted \write18 enabled.
 file:line:error style messages enabled.
 %&-line parsing enabled.
**xpressyourself_vnatmeth.tex
(./xpressyourself_vnatmeth.tex
LaTeX2e <2018-04-01> patch level 2
Babel <3.18> and hyphenation patterns for 84 language(s) loaded.
(/usr/local/texlive/2018/texmf-dist/tex/latex/base/article.cls
Document Class: article 2014/09/29 v1.4h Standard LaTeX document class
(/usr/local/texlive/2018/texmf-dist/tex/latex/base/size10.clo
File: size10.clo 2014/09/29 v1.4h Standard LaTeX file (size option)
)
\c@part=\count80
\c@section=\count81
\c@subsection=\count82
\c@subsubsection=\count83
\c@paragraph=\count84
\c@subparagraph=\count85
\c@figure=\count86
\c@table=\count87
\abovecaptionskip=\skip41
\belowcaptionskip=\skip42
\bibindent=\dimen102
)
(/usr/local/texlive/2018/texmf-dist/tex/latex/psnfss/helvet.sty
Package: helvet 2005/04/12 PSNFSS-v9.2a (WaS) 

(/usr/local/texlive/2018/texmf-dist/tex/latex/graphics/keyval.sty
Package: keyval 2014/10/28 v1.15 key=value parser (DPC)
\KV@toks@=\toks14
))
(/usr/local/texlive/2018/texmf-dist/tex/latex/graphics/graphicx.sty
Package: graphicx 2017/06/01 v1.1a Enhanced LaTeX Graphics (DPC,SPQR)

(/usr/local/texlive/2018/texmf-dist/tex/latex/graphics/graphics.sty
Package: graphics 2017/06/25 v1.2c Standard LaTeX Graphics (DPC,SPQR)

(/usr/local/texlive/2018/texmf-dist/tex/latex/graphics/trig.sty
Package: trig 2016/01/03 v1.10 sin cos tan (DPC)
)
(/usr/local/texlive/2018/texmf-dist/tex/latex/graphics-cfg/graphics.cfg
File: graphics.cfg 2016/06/04 v1.11 sample graphics configuration
)
Package graphics Info: Driver file: pdftex.def on input line 99.

(/usr/local/texlive/2018/texmf-dist/tex/latex/graphics-def/pdftex.def
File: pdftex.def 2018/01/08 v1.0l Graphics/color driver for pdftex
))
\Gin@req@height=\dimen103
\Gin@req@width=\dimen104
)
(/usr/local/texlive/2018/texmf-dist/tex/latex/caption/caption.sty
Package: caption 2016/02/21 v3.3-144 Customizing captions (AR)

(/usr/local/texlive/2018/texmf-dist/tex/latex/caption/caption3.sty
Package: caption3 2016/05/22 v1.7-166 caption3 kernel (AR)
Package caption3 Info: TeX engine: e-TeX on input line 67.
\captionmargin=\dimen105
\captionmargin@=\dimen106
\captionwidth=\dimen107
\caption@tempdima=\dimen108
\caption@indent=\dimen109
\caption@parindent=\dimen110
\caption@hangindent=\dimen111
)
\c@ContinuedFloat=\count88
)
(/usr/local/texlive/2018/texmf-dist/tex/latex/float/float.sty
Package: float 2001/11/08 v1.3d Float enhancements (AL)
\c@float@type=\count89
\float@exts=\toks15
\float@box=\box26
\@float@everytoks=\toks16
\@floatcapt=\box27
)
(/usr/local/texlive/2018/texmf-dist/tex/latex/base/textcomp.sty
Package: textcomp 2017/04/05 v2.0i Standard LaTeX package
Package textcomp Info: Sub-encoding information:
(textcomp)               5 = only ISO-Adobe without \textcurrency
(textcomp)               4 = 5 + \texteuro
(textcomp)               3 = 4 + \textohm
(textcomp)               2 = 3 + \textestimated + \textcurrency
(textcomp)               1 = TS1 - \textcircled - \t
(textcomp)               0 = TS1 (full)
(textcomp)             Font families with sub-encoding setting implement
(textcomp)             only a restricted character set as indicated.
(textcomp)             Family '?' is the default used for unknown fonts.
(textcomp)             See the documentation for details.
Package textcomp Info: Setting ? sub-encoding to TS1/1 on input line 79.

(/usr/local/texlive/2018/texmf-dist/tex/latex/base/ts1enc.def
File: ts1enc.def 2001/06/05 v3.0e (jk/car/fm) Standard LaTeX file
Now handling font encoding TS1 ...
... processing UTF-8 mapping file for font encoding TS1

(/usr/local/texlive/2018/texmf-dist/tex/latex/base/ts1enc.dfu
File: ts1enc.dfu 2018/04/05 v1.2c UTF-8 support for inputenc
   defining Unicode char U+00A2 (decimal 162)
   defining Unicode char U+00A3 (decimal 163)
   defining Unicode char U+00A4 (decimal 164)
   defining Unicode char U+00A5 (decimal 165)
   defining Unicode char U+00A6 (decimal 166)
   defining Unicode char U+00A7 (decimal 167)
   defining Unicode char U+00A8 (decimal 168)
   defining Unicode char U+00A9 (decimal 169)
   defining Unicode char U+00AA (decimal 170)
   defining Unicode char U+00AC (decimal 172)
   defining Unicode char U+00AE (decimal 174)
   defining Unicode char U+00AF (decimal 175)
   defining Unicode char U+00B0 (decimal 176)
   defining Unicode char U+00B1 (decimal 177)
   defining Unicode char U+00B2 (decimal 178)
   defining Unicode char U+00B3 (decimal 179)
   defining Unicode char U+00B4 (decimal 180)
   defining Unicode char U+00B5 (decimal 181)
   defining Unicode char U+00B6 (decimal 182)
   defining Unicode char U+00B7 (decimal 183)
   defining Unicode char U+00B9 (decimal 185)
   defining Unicode char U+00BA (decimal 186)
   defining Unicode char U+00BC (decimal 188)
   defining Unicode char U+00BD (decimal 189)
   defining Unicode char U+00BE (decimal 190)
   defining Unicode char U+00D7 (decimal 215)
   defining Unicode char U+00F7 (decimal 247)
   defining Unicode char U+0192 (decimal 402)
   defining Unicode char U+02C7 (decimal 711)
   defining Unicode char U+02D8 (decimal 728)
   defining Unicode char U+02DD (decimal 733)
   defining Unicode char U+0E3F (decimal 3647)
   defining Unicode char U+2016 (decimal 8214)
   defining Unicode char U+2020 (decimal 8224)
   defining Unicode char U+2021 (decimal 8225)
   defining Unicode char U+2022 (decimal 8226)
   defining Unicode char U+2030 (decimal 8240)
   defining Unicode char U+2031 (decimal 8241)
   defining Unicode char U+203B (decimal 8251)
   defining Unicode char U+203D (decimal 8253)
   defining Unicode char U+2044 (decimal 8260)
   defining Unicode char U+204E (decimal 8270)
   defining Unicode char U+2052 (decimal 8274)
   defining Unicode char U+20A1 (decimal 8353)
   defining Unicode char U+20A4 (decimal 8356)
   defining Unicode char U+20A6 (decimal 8358)
   defining Unicode char U+20A9 (decimal 8361)
   defining Unicode char U+20AB (decimal 8363)
   defining Unicode char U+20AC (decimal 8364)
   defining Unicode char U+20B1 (decimal 8369)
   defining Unicode char U+2103 (decimal 8451)
   defining Unicode char U+2116 (decimal 8470)
   defining Unicode char U+2117 (decimal 8471)
   defining Unicode char U+211E (decimal 8478)
   defining Unicode char U+2120 (decimal 8480)
   defining Unicode char U+2122 (decimal 8482)
   defining Unicode char U+2126 (decimal 8486)
   defining Unicode char U+2127 (decimal 8487)
   defining Unicode char U+212E (decimal 8494)
   defining Unicode char U+2190 (decimal 8592)
   defining Unicode char U+2191 (decimal 8593)
   defining Unicode char U+2192 (decimal 8594)
   defining Unicode char U+2193 (decimal 8595)
   defining Unicode char U+2329 (decimal 9001)
   defining Unicode char U+232A (decimal 9002)
   defining Unicode char U+2422 (decimal 9250)
   defining Unicode char U+25E6 (decimal 9702)
   defining Unicode char U+25EF (decimal 9711)
   defining Unicode char U+266A (decimal 9834)
   defining Unicode char U+FEFF (decimal 65279)
))
LaTeX Info: Redefining \oldstylenums on input line 334.
Package textcomp Info: Setting cmr sub-encoding to TS1/0 on input line 349.
Package textcomp Info: Setting cmss sub-encoding to TS1/0 on input line 350.
Package textcomp Info: Setting cmtt sub-encoding to TS1/0 on input line 351.
Package textcomp Info: Setting cmvtt sub-encoding to TS1/0 on input line 352.
Package textcomp Info: Setting cmbr sub-encoding to TS1/0 on input line 353.
Package textcomp Info: Setting cmtl sub-encoding to TS1/0 on input line 354.
Package textcomp Info: Setting ccr sub-encoding to TS1/0 on input line 355.
Package textcomp Info: Setting ptm sub-encoding to TS1/4 on input line 356.
Package textcomp Info: Setting pcr sub-encoding to TS1/4 on input line 357.
Package textcomp Info: Setting phv sub-encoding to TS1/4 on input line 358.
Package textcomp Info: Setting ppl sub-encoding to TS1/3 on input line 359.
Package textcomp Info: Setting pag sub-encoding to TS1/4 on input line 360.
Package textcomp Info: Setting pbk sub-encoding to TS1/4 on input line 361.
Package textcomp Info: Setting pnc sub-encoding to TS1/4 on input line 362.
Package textcomp Info: Setting pzc sub-encoding to TS1/4 on input line 363.
Package textcomp Info: Setting bch sub-encoding to TS1/4 on input line 364.
Package textcomp Info: Setting put sub-encoding to TS1/5 on input line 365.
Package textcomp Info: Setting uag sub-encoding to TS1/5 on input line 366.
Package textcomp Info: Setting ugq sub-encoding to TS1/5 on input line 367.
Package textcomp Info: Setting ul8 sub-encoding to TS1/4 on input line 368.
Package textcomp Info: Setting ul9 sub-encoding to TS1/4 on input line 369.
Package textcomp Info: Setting augie sub-encoding to TS1/5 on input line 370.
Package textcomp Info: Setting dayrom sub-encoding to TS1/3 on input line 371.
Package textcomp Info: Setting dayroms sub-encoding to TS1/3 on input line 372.

Package textcomp Info: Setting pxr sub-encoding to TS1/0 on input line 373.
Package textcomp Info: Setting pxss sub-encoding to TS1/0 on input line 374.
Package textcomp Info: Setting pxtt sub-encoding to TS1/0 on input line 375.
Package textcomp Info: Setting txr sub-encoding to TS1/0 on input line 376.
Package textcomp Info: Setting txss sub-encoding to TS1/0 on input line 377.
Package textcomp Info: Setting txtt sub-encoding to TS1/0 on input line 378.
Package textcomp Info: Setting lmr sub-encoding to TS1/0 on input line 379.
Package textcomp Info: Setting lmdh sub-encoding to TS1/0 on input line 380.
Package textcomp Info: Setting lmss sub-encoding to TS1/0 on input line 381.
Package textcomp Info: Setting lmssq sub-encoding to TS1/0 on input line 382.
Package textcomp Info: Setting lmvtt sub-encoding to TS1/0 on input line 383.
Package textcomp Info: Setting lmtt sub-encoding to TS1/0 on input line 384.
Package textcomp Info: Setting qhv sub-encoding to TS1/0 on input line 385.
Package textcomp Info: Setting qag sub-encoding to TS1/0 on input line 386.
Package textcomp Info: Setting qbk sub-encoding to TS1/0 on input line 387.
Package textcomp Info: Setting qcr sub-encoding to TS1/0 on input line 388.
Package textcomp Info: Setting qcs sub-encoding to TS1/0 on input line 389.
Package textcomp Info: Setting qpl sub-encoding to TS1/0 on input line 390.
Package textcomp Info: Setting qtm sub-encoding to TS1/0 on input line 391.
Package textcomp Info: Setting qzc sub-encoding to TS1/0 on input line 392.
Package textcomp Info: Setting qhvc sub-encoding to TS1/0 on input line 393.
Package textcomp Info: Setting futs sub-encoding to TS1/4 on input line 394.
Package textcomp Info: Setting futx sub-encoding to TS1/4 on input line 395.
Package textcomp Info: Setting futj sub-encoding to TS1/4 on input line 396.
Package textcomp Info: Setting hlh sub-encoding to TS1/3 on input line 397.
Package textcomp Info: Setting hls sub-encoding to TS1/3 on input line 398.
Package textcomp Info: Setting hlst sub-encoding to TS1/3 on input line 399.
Package textcomp Info: Setting hlct sub-encoding to TS1/5 on input line 400.
Package textcomp Info: Setting hlx sub-encoding to TS1/5 on input line 401.
Package textcomp Info: Setting hlce sub-encoding to TS1/5 on input line 402.
Package textcomp Info: Setting hlcn sub-encoding to TS1/5 on input line 403.
Package textcomp Info: Setting hlcw sub-encoding to TS1/5 on input line 404.
Package textcomp Info: Setting hlcf sub-encoding to TS1/5 on input line 405.
Package textcomp Info: Setting pplx sub-encoding to TS1/3 on input line 406.
Package textcomp Info: Setting pplj sub-encoding to TS1/3 on input line 407.
Package textcomp Info: Setting ptmx sub-encoding to TS1/4 on input line 408.
Package textcomp Info: Setting ptmj sub-encoding to TS1/4 on input line 409.
)
(/usr/local/texlive/2018/texmf-dist/tex/latex/url/url.sty
\Urlmuskip=\muskip10
Package: url 2013/09/16  ver 3.4  Verb mode for urls, etc.
)
(/usr/local/texlive/2018/texmf-dist/tex/latex/cite/cite.sty
LaTeX Info: Redefining \cite on input line 302.
LaTeX Info: Redefining \nocite on input line 332.
Package: cite 2015/02/27  v 5.5
)
(/usr/local/texlive/2018/texmf-dist/tex/latex/hyperref/nameref.sty
Package: nameref 2016/05/21 v2.44 Cross-referencing by name of section

(/usr/local/texlive/2018/texmf-dist/tex/latex/oberdiek/refcount.sty
Package: refcount 2016/05/16 v3.5 Data extraction from label references (HO)

(/usr/local/texlive/2018/texmf-dist/tex/generic/oberdiek/ltxcmds.sty
Package: ltxcmds 2016/05/16 v1.23 LaTeX kernel commands for general use (HO)
)
(/usr/local/texlive/2018/texmf-dist/tex/generic/oberdiek/infwarerr.sty
Package: infwarerr 2016/05/16 v1.4 Providing info/warning/error messages (HO)
))
(/usr/local/texlive/2018/texmf-dist/tex/generic/oberdiek/gettitlestring.sty
Package: gettitlestring 2016/05/16 v1.5 Cleanup title references (HO)

(/usr/local/texlive/2018/texmf-dist/tex/latex/oberdiek/kvoptions.sty
Package: kvoptions 2016/05/16 v3.12 Key value format for package options (HO)

(/usr/local/texlive/2018/texmf-dist/tex/generic/oberdiek/kvsetkeys.sty
Package: kvsetkeys 2016/05/16 v1.17 Key value parser (HO)

(/usr/local/texlive/2018/texmf-dist/tex/generic/oberdiek/etexcmds.sty
Package: etexcmds 2016/05/16 v1.6 Avoid name clashes with e-TeX commands (HO)

(/usr/local/texlive/2018/texmf-dist/tex/generic/oberdiek/ifluatex.sty
Package: ifluatex 2016/05/16 v1.4 Provides the ifluatex switch (HO)
Package ifluatex Info: LuaTeX not detected.
)
Package etexcmds Info: Could not find \expanded.
(etexcmds)             That can mean that you are not using pdfTeX 1.50 or
(etexcmds)             that some package has redefined \expanded.
(etexcmds)             In the latter case, load this package earlier.
))))
\c@section@level=\count90
LaTeX Info: Redefining \ref on input line 355.
LaTeX Info: Redefining \pageref on input line 355.
)
(/usr/local/texlive/2018/texmf-dist/tex/latex/hyphenat/hyphenat.sty
Package: hyphenat 2009/09/02 v2.3c hyphenation utilities
\langwohyphens=\language84
LaTeX Info: Redefining \_ on input line 43.
)
(/usr/local/texlive/2018/texmf-dist/tex/latex/base/inputenc.sty
Package: inputenc 2018/04/06 v1.3b Input encoding file
\inpenc@prehook=\toks17
\inpenc@posthook=\toks18
)
(/usr/local/texlive/2018/texmf-dist/tex/generic/babel/babel.sty
Package: babel 2018/02/14 3.18 The Babel package

(/usr/local/texlive/2018/texmf-dist/tex/generic/babel/switch.def
File: switch.def 2018/02/14 3.18 Babel switching mechanism
)
(/usr/local/texlive/2018/texmf-dist/tex/generic/babel-english/english.ldf
Language: english 2017/06/06 v3.3r English support from the babel system

(/usr/local/texlive/2018/texmf-dist/tex/generic/babel/babel.def
File: babel.def 2018/02/14 3.18 Babel common definitions
\babel@savecnt=\count91
\U@D=\dimen112

(/usr/local/texlive/2018/texmf-dist/tex/generic/babel/txtbabel.def)
\bbl@dirlevel=\count92
)
\l@canadian = a dialect from \language\l@american 
\l@australian = a dialect from \language\l@british 
\l@newzealand = a dialect from \language\l@british 
))
(/usr/local/texlive/2018/texmf-dist/tex/latex/base/fontenc.sty
Package: fontenc 2017/04/05 v2.0i Standard LaTeX package

(/usr/local/texlive/2018/texmf-dist/tex/latex/base/t1enc.def
File: t1enc.def 2017/04/05 v2.0i Standard LaTeX file
LaTeX Font Info:    Redeclaring font encoding T1 on input line 48.
))
(/usr/local/texlive/2018/texmf-dist/tex/latex/tools/multicol.sty
Package: multicol 2018/04/01 v1.8r multicolumn formatting (FMi)
\c@tracingmulticols=\count93
\mult@box=\box28
\multicol@leftmargin=\dimen113
\c@unbalance=\count94
\c@collectmore=\count95
\doublecol@number=\count96
\multicoltolerance=\count97
\multicolpretolerance=\count98
\full@width=\dimen114
\page@free=\dimen115
\premulticols=\dimen116
\postmulticols=\dimen117
\multicolsep=\skip43
\multicolbaselineskip=\skip44
\partial@page=\box29
\last@line=\box30
\maxbalancingoverflow=\dimen118
\mult@rightbox=\box31
\mult@grightbox=\box32
\mult@gfirstbox=\box33
\mult@firstbox=\box34
\@tempa=\box35
\@tempa=\box36
\@tempa=\box37
\@tempa=\box38
\@tempa=\box39
\@tempa=\box40
\@tempa=\box41
\@tempa=\box42
\@tempa=\box43
\@tempa=\box44
\@tempa=\box45
\@tempa=\box46
\@tempa=\box47
\@tempa=\box48
\@tempa=\box49
\@tempa=\box50
\@tempa=\box51
\c@columnbadness=\count99
\c@finalcolumnbadness=\count100
\last@try=\dimen119
\multicolovershoot=\dimen120
\multicolundershoot=\dimen121
\mult@nat@firstbox=\box52
\colbreak@box=\box53
\mc@col@check@num=\count101
)
(/usr/local/texlive/2018/texmf-dist/tex/latex/titlesec/titlesec.sty
Package: titlesec 2016/03/21 v2.10.2 Sectioning titles
\ttl@box=\box54
\beforetitleunit=\skip45
\aftertitleunit=\skip46
\ttl@plus=\dimen122
\ttl@minus=\dimen123
\ttl@toksa=\toks19
\titlewidth=\dimen124
\titlewidthlast=\dimen125
\titlewidthfirst=\dimen126
)
(/usr/local/texlive/2018/texmf-dist/tex/latex/tools/indentfirst.sty
Package: indentfirst 1995/11/23 v1.03 Indent first paragraph (DPC)
)
(/usr/local/texlive/2018/texmf-dist/tex/latex/listings/listings.sty
\lst@mode=\count102
\lst@gtempboxa=\box55
\lst@token=\toks20
\lst@length=\count103
\lst@currlwidth=\dimen127
\lst@column=\count104
\lst@pos=\count105
\lst@lostspace=\dimen128
\lst@width=\dimen129
\lst@newlines=\count106
\lst@lineno=\count107
\lst@maxwidth=\dimen130

(/usr/local/texlive/2018/texmf-dist/tex/latex/listings/lstmisc.sty
File: lstmisc.sty 2015/06/04 1.6 (Carsten Heinz)
\c@lstnumber=\count108
\lst@skipnumbers=\count109
\lst@framebox=\box56
)
(/usr/local/texlive/2018/texmf-dist/tex/latex/listings/listings.cfg
File: listings.cfg 2015/06/04 1.6 listings configuration
))
Package: listings 2015/06/04 1.6 (Carsten Heinz)

(/usr/local/texlive/2018/texmf-dist/tex/latex/graphics/color.sty
Package: color 2016/07/10 v1.1e Standard LaTeX Color (DPC)

(/usr/local/texlive/2018/texmf-dist/tex/latex/graphics-cfg/color.cfg
File: color.cfg 2016/01/02 v1.6 sample color configuration
)
Package color Info: Driver file: pdftex.def on input line 147.
)
(/usr/local/texlive/2018/texmf-dist/tex/latex/listings/lstlang1.sty
File: lstlang1.sty 2015/06/04 1.6 listings language file
)

LaTeX Warning: Unused global option(s):
    [4pt].

(./xpressyourself_vnatmeth.aux)
\openout1 = `xpressyourself_vnatmeth.aux'.

LaTeX Font Info:    Checking defaults for OML/cmm/m/it on input line 77.
LaTeX Font Info:    ... okay on input line 77.
LaTeX Font Info:    Checking defaults for T1/cmr/m/n on input line 77.
LaTeX Font Info:    ... okay on input line 77.
LaTeX Font Info:    Checking defaults for OT1/cmr/m/n on input line 77.
LaTeX Font Info:    ... okay on input line 77.
LaTeX Font Info:    Checking defaults for OMS/cmsy/m/n on input line 77.
LaTeX Font Info:    ... okay on input line 77.
LaTeX Font Info:    Checking defaults for OMX/cmex/m/n on input line 77.
LaTeX Font Info:    ... okay on input line 77.
LaTeX Font Info:    Checking defaults for U/cmr/m/n on input line 77.
LaTeX Font Info:    ... okay on input line 77.
LaTeX Font Info:    Checking defaults for TS1/cmr/m/n on input line 77.
LaTeX Font Info:    Try loading font information for TS1+cmr on input line 77.

(/usr/local/texlive/2018/texmf-dist/tex/latex/base/ts1cmr.fd
File: ts1cmr.fd 2014/09/29 v2.5h Standard LaTeX font definitions
)
LaTeX Font Info:    ... okay on input line 77.
LaTeX Font Info:    Try loading font information for T1+phv on input line 77.

(/usr/local/texlive/2018/texmf-dist/tex/latex/psnfss/t1phv.fd
File: t1phv.fd 2001/06/04 scalable font definitions for T1/phv.
)
(/usr/local/texlive/2018/texmf-dist/tex/context/base/mkii/supp-pdf.mkii
[Loading MPS to PDF converter (version 2006.09.02).]
\scratchcounter=\count110
\scratchdimen=\dimen131
\scratchbox=\box57
\nofMPsegments=\count111
\nofMParguments=\count112
\everyMPshowfont=\toks21
\MPscratchCnt=\count113
\MPscratchDim=\dimen132
\MPnumerator=\count114
\makeMPintoPDFobject=\count115
\everyMPtoPDFconversion=\toks22
) (/usr/local/texlive/2018/texmf-dist/tex/latex/oberdiek/epstopdf-base.sty
Package: epstopdf-base 2016/05/15 v2.6 Base part for package epstopdf

(/usr/local/texlive/2018/texmf-dist/tex/latex/oberdiek/grfext.sty
Package: grfext 2016/05/16 v1.2 Manage graphics extensions (HO)

(/usr/local/texlive/2018/texmf-dist/tex/generic/oberdiek/kvdefinekeys.sty
Package: kvdefinekeys 2016/05/16 v1.4 Define keys (HO)
))
(/usr/local/texlive/2018/texmf-dist/tex/generic/oberdiek/pdftexcmds.sty
Package: pdftexcmds 2018/01/30 v0.27 Utility functions of pdfTeX for LuaTeX (HO
)

(/usr/local/texlive/2018/texmf-dist/tex/generic/oberdiek/ifpdf.sty
Package: ifpdf 2017/03/15 v3.2 Provides the ifpdf switch
)
Package pdftexcmds Info: LuaTeX not detected.
Package pdftexcmds Info: \pdf@primitive is available.
Package pdftexcmds Info: \pdf@ifprimitive is available.
Package pdftexcmds Info: \pdfdraftmode found.
)
Package epstopdf-base Info: Redefining graphics rule for `.eps' on input line 4
38.
Package grfext Info: Graphics extension search list:
(grfext)             [.pdf,.png,.jpg,.mps,.jpeg,.jbig2,.jb2,.PDF,.PNG,.JPG,.JPE
G,.JBIG2,.JB2,.eps]
(grfext)             \AppendGraphicsExtensions on input line 456.

(/usr/local/texlive/2018/texmf-dist/tex/latex/latexconfig/epstopdf-sys.cfg
File: epstopdf-sys.cfg 2010/07/13 v1.3 Configuration of (r)epstopdf for TeX Liv
e
))
Package caption Info: Begin \AtBeginDocument code.
Package caption Info: float package is loaded.
Package caption Info: listings package is loaded.
Package caption Info: End \AtBeginDocument code.
\c@lstlisting=\count116
LaTeX Font Info:    Font shape `T1/phv/bx/n' in size <20.74> not available
(Font)              Font shape `T1/phv/b/n' tried instead on input line 85.
LaTeX Font Info:    Font shape `T1/phv/bx/n' in size <12> not available
(Font)              Font shape `T1/phv/b/n' tried instead on input line 96.
LaTeX Font Info:    External font `cmex10' loaded for size
(Font)              <12> on input line 96.
LaTeX Font Info:    External font `cmex10' loaded for size
(Font)              <8> on input line 96.
LaTeX Font Info:    External font `cmex10' loaded for size
(Font)              <6> on input line 96.

Underfull \hbox (badness 10000) in paragraph at lines 93--98

 []

LaTeX Font Info:    External font `cmex10' loaded for size
(Font)              <7> on input line 100.
LaTeX Font Info:    External font `cmex10' loaded for size
(Font)              <5> on input line 100.
LaTeX Font Info:    Font shape `T1/phv/bx/n' in size <10> not available
(Font)              Font shape `T1/phv/b/n' tried instead on input line 113.

Overfull \hbox (2.67636pt too wide) in paragraph at lines 111--114
\T1/phv/b/n/10 XPRESSy-our-self, an an-a-lyt-i-cal toolkit that elim-i-nates ba
r-ri-ers and bot-tle-necks as-so-ci-ated with this spe-cial-ized
 []


Underfull \hbox (badness 6961) in paragraph at lines 126--126
\T1/phv/m/n/10 to trans-la-tion elon-ga-tion that is not rel-e-vant to
 []


Underfull \hbox (badness 10000) in paragraph at lines 126--126
\T1/phv/m/n/10 pile-ups can dra-mat-i-cally skew ribosome-footprint
 []


Underfull \hbox (badness 10000) in paragraph at lines 126--126
\T1/phv/m/n/10 quan-tifi-ca-tion and mea-sure-ments of trans-la-tional
 []


Underfull \hbox (badness 10000) in paragraph at lines 130--130
[]\T1/phv/m/n/10 XPRESSyourself brings ro-bust anal-y-sis of
 []


Underfull \hbox (badness 7326) in paragraph at lines 130--130
\T1/phv/m/n/10 con-found-ing sys-tem-atic fac-tors from quan-tifi-ca-tion
 []

[1

{/usr/local/texlive/2018/texmf-var/fonts/map/pdftex/updmap/pdftex.map}]
Underfull \hbox (badness 5726) in paragraph at lines 132--132
\T1/phv/m/n/10 prepa-ra-tion of ribosome-footprint pro-fil-ing li-braries:
 []


Underfull \hbox (badness 10000) in paragraph at lines 136--136
[]\T1/phv/m/n/10 Several com-pu-ta-tional pipelines for RNA
 []


Underfull \hbox (badness 10000) in paragraph at lines 140--140
[]\T1/phv/m/n/10 XPRESSyourself pro-vides an ac-ces-si-ble,
 []


Underfull \hbox (badness 10000) in paragraph at lines 140--140
\T1/phv/m/n/10 simple-to-use, au-to-mated anal-y-sis plat-form for
 []


Underfull \hbox (badness 5924) in paragraph at lines 140--140
\T1/phv/m/n/10 mea-sures use-ful for as-sess-ing ri-bo-some pro-fil-ing
 []


Underfull \hbox (badness 5908) in paragraph at lines 142--143
[]\T1/phv/m/n/10 Finally, the most broadly rel-e-vant as-pect of
 []


Underfull \hbox (badness 5460) in paragraph at lines 142--143
\T1/phv/m/n/10 our up-date and stream-lin-ing of ribosome-profiling
 []


Underfull \hbox (badness 6220) in paragraph at lines 142--143
\T1/phv/m/n/10 anal-y-sis is the novel bi-o-log-i-cal in-sights we are
 []


Underfull \hbox (badness 10000) in paragraph at lines 142--143
\T1/phv/m/n/10 able to ob-tain from pub-lished datasets. We
 []


Underfull \hbox (badness 10000) in paragraph at lines 142--143
\T1/phv/m/n/10 and bench-marked method-ol-ogy pro-vided within
 []

[2]
LaTeX Font Info:    Try loading font information for T1+cmtt on input line 147.

 (/usr/local/texlive/2018/texmf-dist/tex/latex/base/t1cmtt.fd
File: t1cmtt.fd 2014/09/29 v2.5h Standard LaTeX font definitions
)
(/usr/local/texlive/2018/texmf-dist/tex/latex/listings/lstlang1.sty
File: lstlang1.sty 2015/06/04 1.6 listings language file
)
(/usr/local/texlive/2018/texmf-dist/tex/latex/listings/lstlang1.sty
File: lstlang1.sty 2015/06/04 1.6 listings language file
)
Underfull \hbox (badness 10000) in paragraph at lines 179--179
[]\T1/phv/m/n/10 Additional pa-ram-e-ters that can be used
 []


Underfull \hbox (badness 10000) in paragraph at lines 179--179
\T1/phv/m/n/10 dur-ing this step in-clude \T1/cmtt/m/n/10 --protein_-coding \T1
/phv/m/n/10 and
 []


Underfull \hbox (badness 10000) in paragraph at lines 179--179
\T1/cmtt/m/n/10 --longest_-transcript\T1/phv/m/n/10 . By pro-vid-ing the
 []

[3]
Underfull \hbox (badness 10000) in paragraph at lines 186--186
\T1/phv/m/n/10 align-ment files by op-tion-ally pars-ing for unique
 []


Underfull \hbox (badness 10000) in paragraph at lines 190--190
\T1/phv/m/n/10 reads-per-million (RPM), Reads-per-kilobase-million
 []

[4]
Underfull \hbox (badness 6542) in paragraph at lines 214--214
[]\T1/phv/b/n/10 Identify Prob-lem-atic rRNA Frag-ments from
 []

<figures/xpresspipe_figure1.png, id=25, 446.3877pt x 524.4393pt>
File: figures/xpresspipe_figure1.png Graphic file (type png)
<use figures/xpresspipe_figure1.png>
Package pdftex.def Info: figures/xpresspipe_figure1.png  used on input line 223
.
(pdftex.def)             Requested size: 227.62204pt x 267.4285pt.
LaTeX Font Info:    Font shape `T1/phv/bx/n' in size <9> not available
(Font)              Font shape `T1/phv/b/n' tried instead on input line 224.

Underfull \hbox (badness 10000) in paragraph at lines 229--229
|\T1/phv/b/n/10 Benchmarking Against Pub-lished Ri-bo-some
 []

[5]
Underfull \hbox (badness 7649) in paragraph at lines 232--232
[]\T1/phv/m/n/10 A re-cent study (data avail-able un-der Gene
 []


Underfull \hbox (badness 10000) in paragraph at lines 232--232
\T1/phv/m/n/10 uti-lized ri-bo-some pro-fil-ing to bet-ter de-fine the
 []

LaTeX Font Info:    Font shape `T1/phv/m/it' in size <10> not available
(Font)              Font shape `T1/phv/m/sl' tried instead on input line 234.

Underfull \hbox (badness 10000) in paragraph at lines 234--234
[]\T1/phv/m/n/10 To show-case the util-ity of XPRESSpipe in
 []


Underfull \hbox (badness 10000) in paragraph at lines 234--234
\T1/phv/m/n/10 the XPRESSpipe pack-age to fur-ther query the
 []

[6 <./figures/xpresspipe_figure1.png>]
Underfull \hbox (badness 10000) in paragraph at lines 240--240
\T1/phv/m/n/10 is that the align-ment and quan-tifi-ca-tion within
 []


Underfull \hbox (badness 5504) in paragraph at lines 240--240
\T1/phv/m/n/10 XPRESSpipe use a cur-rent hu-man tran-scrip-tome
 []

<figures/xpresspipe_figure2.png, id=36, 426.1521pt x 581.7735pt>
File: figures/xpresspipe_figure2.png Graphic file (type png)
<use figures/xpresspipe_figure2.png>
Package pdftex.def Info: figures/xpresspipe_figure2.png  used on input line 244
.
(pdftex.def)             Requested size: 455.24408pt x 621.5239pt.
LaTeX Font Info:    External font `cmex10' loaded for size
(Font)              <9> on input line 245.
LaTeX Font Info:    Font shape `T1/phv/m/it' in size <9> not available
(Font)              Font shape `T1/phv/m/sl' tried instead on input line 245.

LaTeX Warning: Float too large for page by 14.65776pt on input line 247.

<figures/xpresspipe_figure3.png, id=37, 555.2745pt x 537.9297pt>
File: figures/xpresspipe_figure3.png Graphic file (type png)
<use figures/xpresspipe_figure3.png>
Package pdftex.def Info: figures/xpresspipe_figure3.png  used on input line 251
.
(pdftex.def)             Requested size: 512.1496pt x 496.16539pt.

Underfull \hbox (badness 10000) in paragraph at lines 256--256
[]\T1/phv/m/n/10 Similar canon-i-cal tar-gets of trans-la-tion
 []


Underfull \hbox (badness 10000) in paragraph at lines 256--256
\T1/phv/m/n/10 reg-u-la-tion dur-ing ISR were iden-ti-fied in the
 []


Underfull \hbox (badness 7151) in paragraph at lines 258--258
\T1/phv/m/n/10 re-analysis show that IS-RIB can coun-ter-act the
 []


Underfull \hbox (badness 10000) in paragraph at lines 260--260
\T1/phv/m/n/10 path-way that func-tions in neu-ro-ge-n-e-sis, which
 []


Underfull \hbox (badness 5345) in paragraph at lines 260--260
\T1/phv/m/n/10 to neu-ro-toxic lev-els of glu-ta-mate [54]. Fi-nally,
 []

[7] [8 <./figures/xpresspipe_figure2.png>] [9 <./figures/xpresspipe_figure3.png
>]

LaTeX Warning: No positions in optional float specifier.
               Default added (so using `!tbp') on input line 262.


Overfull \hbox (24.0pt too wide) in paragraph at lines 265--285
 [][] 
 []


Underfull \hbox (badness 10000) in paragraph at lines 293--293
[]\T1/phv/m/n/10 Another source of dis-sim-i-lar-ity in data
 []


Underfull \hbox (badness 10000) in paragraph at lines 293--293
\T1/phv/m/n/10 pro-cess-ing ap-pears to arise if an En-sembl
 []


Underfull \hbox (badness 10000) in paragraph at lines 293--293
\T1/phv/m/n/10 quan-tifi-ca-tion. TCGA-processed data used an
 []

<figures/xpresspipe_figure4.png, id=51, 512.6352pt x 287.3937pt>
File: figures/xpresspipe_figure4.png Graphic file (type png)
<use figures/xpresspipe_figure4.png>
Package pdftex.def Info: figures/xpresspipe_figure4.png  used on input line 298
.
(pdftex.def)             Requested size: 512.1496pt x 287.12549pt.

LaTeX Warning: No positions in optional float specifier.
               Default added (so using `!tbp') on input line 307.


Underfull \hbox (badness 10000) in paragraph at lines 330--330
[]\T1/phv/m/n/10 We have de-scribed a new soft-ware suite,
 []

[10] [11 <./figures/xpresspipe_figure4.png>]

LaTeX Warning: No positions in optional float specifier.
               Default added (so using `!tbp') on input line 352.


Overfull \hbox (4.11082pt too wide) in paragraph at lines 390--390
[]\T1/phv/m/n/10 GenomicAlignments| 
 []


LaTeX Warning: No positions in optional float specifier.
               Default added (so using `!tbp') on input line 404.

[12] [13]
Underfull \hbox (badness 6001) in paragraph at lines 436--436
[]\T1/phv/m/n/10 Ensembl canon-i-cal tran-scripts are de-ter-mined
 []

LaTeX Font Info:    Font shape `T1/phv/m/it' in size <7> not available
(Font)              Font shape `T1/phv/m/sl' tried instead on input line 449.

Underfull \hbox (badness 10000) in paragraph at lines 466--467
[]\T1/phv/m/n/10 Metagene cal-cu-la-tions are per-formed by
 []

[14]
Underfull \hbox (badness 10000) in paragraph at lines 481--482
[]\T1/phv/m/n/10 Confidence in-ter-vals within PCA scat-ter-plots
 []


Underfull \hbox (badness 10000) in paragraph at lines 486--487
[]\T1/phv/m/n/10 Compute the eigen-val-ues and nor-mal-ized
 []


Underfull \hbox (badness 10000) in paragraph at lines 488--489
\T1/phv/m/n/10 us-ing the \T1/cmtt/m/n/10 numpy.arctan2() \T1/phv/m/n/10 func-t
ion and
 []


Underfull \hbox (badness 7362) in paragraph at lines 505--505
[]\T1/phv/m/n/10 Only gene names in com-mon be-tween the
 []


Underfull \hbox (badness 7558) in paragraph at lines 505--505
\T1/phv/m/n/10 orig-i-nal data file and XPRESSpipe out-put were
 []


Underfull \hbox (badness 6094) in paragraph at lines 505--505
\T1/phv/m/n/10 used for the method com-par-isons. Cor-re-la-tion
 []


Underfull \hbox (badness 10000) in paragraph at lines 509--509
[]\T1/phv/m/n/10 Intron-agnostic gene cov-er-age pro-files were
 []

[15]
Underfull \hbox (badness 10000) in paragraph at lines 519--550
\T1/phv/m/n/10 Data, cDNA - com-ple-men-tary DNA, CDS -
 []


Underfull \hbox (badness 10000) in paragraph at lines 519--550
\T1/phv/m/n/10 im-muno-pre-cip-i-ta-tion se-quenc-ing, CPU - cen-tral
 []


LaTeX Warning: No positions in optional float specifier.
               Default added (so using `!tbp') on input line 558.


Overfull \hbox (144.92421pt too wide) in paragraph at lines 561--576
 [][] 
 []


Package multicol Warning: Floats and marginpars not allowed inside `multicols' 
environment!.


Package multicol Warning: Floats and marginpars not allowed inside `multicols' 
environment!.


Underfull \hbox (badness 5878) in paragraph at lines 588--589
\T1/phv/m/n/10 of Di-a-betes and Di-ges-tive and Kid-ney Dis-eases
 []


Underfull \hbox (badness 5817) in paragraph at lines 588--589
\T1/phv/m/n/10 and Si-mon J. Fisher. J.T.M. re-ceived sup-port
 []


Underfull \hbox (badness 6510) in paragraph at lines 588--589
\T1/phv/m/n/10 as an HHMI Fel-low of the Jane Cof-fin Childs
 []


Underfull \hbox (badness 5050) in paragraph at lines 588--589
\T1/phv/m/n/10 sup-port from the Na-tional Can-cer In-sti-tute (NCI)
 []


Underfull \hbox (badness 6658) in paragraph at lines 588--589
\T1/phv/m/n/10 used were par-tially funded by the NIH Shared
 []


LaTeX Warning: No positions in optional float specifier.
               Default added (so using `!tbp') on input line 593.

[16] (./xpressyourself_vnatmeth.bbl
Underfull \hbox (badness 5970) in paragraph at lines 4--8
[]\T1/phv/m/n/10 N. In-go-lia, S. Ghaem-maghami, J. New-man,
 []


Underfull \hbox (badness 10000) in paragraph at lines 4--8
\T1/phv/m/n/10 J. Weiss-man. Genome-wide anal-y-sis
 []


Underfull \hbox (badness 10000) in paragraph at lines 4--8
\T1/phv/m/n/10 in vivo of trans-la-tion with nu-cleotide
 []


Underfull \hbox (badness 10000) in paragraph at lines 4--8
\T1/phv/m/n/10 res-o-lu-tion us-ing ri-bo-some pro-fil-ing.
 []


Underfull \hbox (badness 10000) in paragraph at lines 4--8
\T1/phv/m/sl/10 Sci-ence \T1/phv/b/n/10 324\T1/phv/m/n/10 , 218 (2009). Avail-a
ble from:
 []


Underfull \hbox (badness 10000) in paragraph at lines 15--18
[]\T1/phv/m/n/10 N. McGlincy, N. In-go-lia. Transcriptome-wide
 []


Underfull \hbox (badness 10000) in paragraph at lines 15--18
\T1/phv/m/sl/10 Meth-ods \T1/phv/b/n/10 126\T1/phv/m/n/10 , 112 (2017). Avail-a
ble from:
 []


Underfull \hbox (badness 10000) in paragraph at lines 20--23
[]\T1/phv/m/n/10 M. Gerashchenko, V. Glady-shev. Trans-la-tion
 []


Underfull \hbox (badness 10000) in paragraph at lines 20--23
\T1/phv/m/n/10 in-hibitors cause ab-nor-mal-i-ties in ri-bo-some
 []


Underfull \hbox (badness 6204) in paragraph at lines 25--28
[]\T1/phv/m/n/10 C. Artieri, H. Fraser. Ac-count-ing for bi-ases
 []


Underfull \hbox (badness 10000) in paragraph at lines 25--28
\T1/phv/m/n/10 in ri-bo-pro-fil-ing data in-di-cates a ma-jor role
 []


Underfull \hbox (badness 10000) in paragraph at lines 25--28
\T1/phv/m/n/10 for pro-line in stalling trans-la-tion. \T1/phv/m/sl/10 Genome
 []


Underfull \hbox (badness 10000) in paragraph at lines 25--28
\T1/phv/m/sl/10 Res \T1/phv/b/n/10 24\T1/phv/m/n/10 , 2011 (2014). Avail-able f
rom:
 []


Underfull \hbox (badness 10000) in paragraph at lines 30--34
[]\T1/phv/m/n/10 J. Huss-mann, S. Patch-ett, A. John-son,
 []


Underfull \hbox (badness 6063) in paragraph at lines 30--34
\T1/phv/m/n/10 S. Sawyer, W. Press. Un-der-stand-ing Bi-ases
 []


Underfull \hbox (badness 10000) in paragraph at lines 30--34
\T1/phv/m/n/10 in Ri-bo-some Pro-fil-ing Ex-per-i-ments Re-veals
 []


Underfull \hbox (badness 10000) in paragraph at lines 30--34
\T1/phv/m/sl/10 PLoS Genet \T1/phv/b/n/10 11 \T1/phv/m/n/10 (2015). Avail-able 
from:
 []


Underfull \hbox (badness 7851) in paragraph at lines 36--40
\T1/phv/m/sl/10 Cell Rep \T1/phv/b/n/10 14\T1/phv/m/n/10 , 1787 (2016). Avail-a
ble from:
 []


Underfull \hbox (badness 6608) in paragraph at lines 42--45
[]\T1/phv/m/n/10 Z. Costello, H. Mar-tin. A ma-chine learn-ing
 []


Underfull \hbox (badness 10000) in paragraph at lines 42--45
\T1/phv/m/n/10 ap-proach to pre-dict metabolic path-way
 []


Underfull \hbox (badness 10000) in paragraph at lines 42--45
\T1/phv/m/n/10 dy-nam-ics from time-series mul-ti-omics data.
 []


Underfull \hbox (badness 10000) in paragraph at lines 47--50
[]\T1/phv/m/n/10 V. Fu-nari, S. Canosa. The Im-por-tance
 []


Underfull \hbox (badness 10000) in paragraph at lines 47--50
\T1/phv/m/n/10 of Bioin-for-mat-ics in NGS: Break-ing
 []


Underfull \hbox (badness 10000) in paragraph at lines 47--50
\T1/phv/m/n/10 the Bot-tle-neck in Data In-ter-pre-ta-tion.
 []


Underfull \hbox (badness 10000) in paragraph at lines 47--50
\T1/phv/m/sl/10 Sci-ence \T1/phv/b/n/10 344\T1/phv/m/n/10 , 653 (2014). Avail-a
ble from:
 []


Underfull \hbox (badness 10000) in paragraph at lines 52--53
[]\T1/phv/m/n/10 ENCODE. $\T1/cmtt/m/n/10 https : / / www . encodeproject . org
 /
 []


Underfull \hbox (badness 10000) in paragraph at lines 55--57
[]\T1/phv/m/n/10 GDC. $\T1/cmtt/m/n/10 https : / / docs . gdc . cancer . gov / 
Data /
 []


Underfull \hbox (badness 10000) in paragraph at lines 55--57
\T1/cmtt/m/n/10 Bioinformatics _ Pipelines / Expression _ mRNA _
 []


Underfull \hbox (badness 10000) in paragraph at lines 65--66
[]\T1/phv/m/n/10 UMCU Ge-net-ics. $\T1/cmtt/m/n/10 https : / / github . com /
 []


Underfull \hbox (badness 10000) in paragraph at lines 71--72
[]\T1/phv/m/n/10 DNAnexus. $\T1/cmtt/m/n/10 https : / / github . com / dnanexus
 /
 []


Underfull \hbox (badness 10000) in paragraph at lines 74--75
[]\T1/phv/m/n/10 Nextflow. $\T1/cmtt/m/n/10 https : / / www . nextflow . io / e
xample4 .
 []


Underfull \hbox (badness 7433) in paragraph at lines 82--86
[]\T1/phv/m/n/10 A. Michel, \T1/phv/m/sl/10 et al.\T1/phv/m/n/10 . Ri-bo-Galaxy
: A browser
 []


Underfull \hbox (badness 10000) in paragraph at lines 82--86
\T1/phv/m/n/10 based plat-form for the align-ment, anal-y-sis
 []


Underfull \hbox (badness 7740) in paragraph at lines 82--86
\T1/phv/m/n/10 and vi-su-al-iza-tion of ri-bo-some pro-fil-ing data.
 []


Underfull \hbox (badness 10000) in paragraph at lines 82--86
\T1/phv/m/sl/10 RNA Biol \T1/phv/b/n/10 13\T1/phv/m/n/10 , 316 (2016). Avail-ab
le from:
 []


Underfull \hbox (badness 10000) in paragraph at lines 88--92
\T1/phv/m/n/10 High-Resolution Ri-bo-some Pro-fil-ing De-fines
 []


Underfull \hbox (badness 10000) in paragraph at lines 88--92
\T1/phv/m/n/10 Dis-crete Ri-bo-some Elon-ga-tion States and
 []


Underfull \hbox (badness 10000) in paragraph at lines 88--92
\T1/phv/m/n/10 Trans-la-tional Reg-u-la-tion dur-ing Cel-lu-lar
 []


Underfull \hbox (badness 6542) in paragraph at lines 88--92
\T1/phv/m/n/10 Stress. \T1/phv/m/sl/10 Mol Cell \T1/phv/b/n/10 73 \T1/phv/m/n/1
0 (2019). Avail-able from:
 []

[17]
Underfull \hbox (badness 10000) in paragraph at lines 102--103
[]\T1/phv/m/n/10 XPRESSpipe doc-u-men-ta-tion. $\T1/cmtt/m/n/10 https : / /
 []


Underfull \hbox (badness 10000) in paragraph at lines 105--106
[]\T1/phv/m/n/10 XPRESSplot doc-u-men-ta-tion. $\T1/cmtt/m/n/10 https : / /
 []


Underfull \hbox (badness 10000) in paragraph at lines 108--109
[]\T1/phv/m/n/10 XPRESSyourself. $\T1/cmtt/m/n/10 https : / / github . com /
 []


Underfull \hbox (badness 10000) in paragraph at lines 116--119
\T1/phv/m/n/10 bench-mark-ing of RNA-seq align-ers. \T1/phv/m/sl/10 Nat
 []


Underfull \hbox (badness 10000) in paragraph at lines 116--119
\T1/phv/m/sl/10 Meth-ods \T1/phv/b/n/10 14\T1/phv/m/n/10 , 135 (2017). Avail-ab
le from:
 []


Underfull \hbox (badness 10000) in paragraph at lines 121--122
[]\T1/phv/m/n/10 Ensembl. $\T1/cmtt/m/n/10 https : / / uswest . ensembl . org /
 Help /
 []


Underfull \hbox (badness 10000) in paragraph at lines 129--133
\T1/phv/m/n/10 Elim-i-na-tion of PCR du-pli-cates in RNA-seq
 []


Underfull \hbox (badness 7851) in paragraph at lines 129--133
\T1/phv/m/n/10 and small RNA-seq us-ing unique molec-u-lar
 []


Underfull \hbox (badness 7326) in paragraph at lines 135--139
[]\T1/phv/m/n/10 T. Smith, A. Heger, I. Sud-bery. UMI-tools:
 []


Underfull \hbox (badness 8056) in paragraph at lines 135--139
\T1/phv/m/n/10 Iden-ti-fiers to im-prove quan-tifi-ca-tion ac-cu-racy.
 []


Underfull \hbox (badness 10000) in paragraph at lines 135--139
\T1/phv/m/sl/10 Genome Res \T1/phv/b/n/10 27 \T1/phv/m/n/10 (2017). Avail-able 
from:
 []


Underfull \hbox (badness 10000) in paragraph at lines 141--144
\T1/phv/m/n/10 bench-mark-ing of RNA-seq align-ers. \T1/phv/m/sl/10 Nat
 []


Underfull \hbox (badness 7151) in paragraph at lines 151--154
[]\T1/phv/m/n/10 C. Robert, M. Wat-son. Er-rors in RNA-Seq
 []


Underfull \hbox (badness 6725) in paragraph at lines 156--160
[]\T1/phv/m/n/10 C. Evans, J. Hardin, D. Stoebel. Se-lect-ing
 []


Underfull \hbox (badness 6412) in paragraph at lines 168--171
\T1/phv/m/n/10 a Bio-con-duc-tor pack-age for the as-sess-ment
 []


Underfull \hbox (badness 10000) in paragraph at lines 168--171
\T1/phv/m/n/10 of PCR ar-ti-facts in RNA-Seq data. \T1/phv/m/sl/10 BMC
 []


Underfull \hbox (badness 6493) in paragraph at lines 178--181
[]\T1/phv/m/n/10 M. Love, W. Hu-ber, S. An-ders. Mod-er-ated
 []


Underfull \hbox (badness 10000) in paragraph at lines 178--181
\T1/phv/m/n/10 es-ti-ma-tion of fold change and dis-per-sion
 []


Underfull \hbox (badness 10000) in paragraph at lines 178--181
\T1/phv/m/n/10 for RNA-seq data with DE-Seq2.
 []


Underfull \hbox (badness 10000) in paragraph at lines 178--181
\T1/phv/m/sl/10 Genome Biol \T1/phv/b/n/10 15 \T1/phv/m/n/10 (2014). Avail-able
 from:
 []


Underfull \hbox (badness 10000) in paragraph at lines 188--191
[]\T1/phv/m/n/10 D. Santos-Ribeiro, L. Go-d-i-nas, C. Pilette,
 []


Underfull \hbox (badness 10000) in paragraph at lines 188--191
\T1/phv/m/n/10 F. Per-ros. The in-te-grated stress re-sponse
 []


Underfull \hbox (badness 10000) in paragraph at lines 188--191
\T1/phv/m/n/10 sys-tem in car-dio-vas-cu-lar dis-ease. \T1/phv/m/sl/10 Drug
 []


Underfull \hbox (badness 10000) in paragraph at lines 188--191
\T1/phv/m/sl/10 Dis-cov To-day \T1/phv/b/n/10 23 \T1/phv/m/n/10 (2018). Avail-a
ble from:
 []


Underfull \hbox (badness 10000) in paragraph at lines 193--197
[]\T1/phv/m/n/10 H. Rabouw, \T1/phv/m/sl/10 et al.\T1/phv/m/n/10 . Small molecu
le IS-RIB
 []


Underfull \hbox (badness 10000) in paragraph at lines 193--197
\T1/phv/m/n/10 sup-presses the in-te-grated stress re-sponse
 []


Underfull \hbox (badness 6380) in paragraph at lines 193--197
\T1/phv/m/n/10 within a de-fined win-dow of ac-ti-va-tion. \T1/phv/m/sl/10 Proc

 []


Underfull \hbox (badness 10000) in paragraph at lines 199--202
[]\T1/phv/m/n/10 J. Tsai, \T1/phv/m/sl/10 et al.\T1/phv/m/n/10 . Struc-ture of 
the
 []


Underfull \hbox (badness 10000) in paragraph at lines 199--202
\T1/phv/m/n/10 nu-cleotide ex-change fac-tor eIF2B re-veals
 []


Underfull \hbox (badness 10000) in paragraph at lines 199--202
\T1/phv/m/n/10 mech-a-nism of memory-enhancing molecule.
 []


Underfull \hbox (badness 10000) in paragraph at lines 199--202
\T1/phv/m/sl/10 Sci-ence \T1/phv/b/n/10 359 \T1/phv/m/n/10 (2018). Avail-able f
rom:
 []

[18]
Underfull \hbox (badness 10000) in paragraph at lines 210--214
\T1/phv/m/n/10 stress re-sponse re-verses cog-ni-tive deficits
 []


Underfull \hbox (badness 6641) in paragraph at lines 210--214
\T1/phv/m/n/10 af-ter trau-matic brain in-jury. \T1/phv/m/sl/10 Proc Natl Acad
 []


Underfull \hbox (badness 10000) in paragraph at lines 210--214
\T1/phv/m/sl/10 Sci U S A \T1/phv/b/n/10 114 \T1/phv/m/n/10 (2017). Avail-able 
from:
 []


Underfull \hbox (badness 5985) in paragraph at lines 216--220
\T1/phv/m/n/10 pre-vents neu-rode-gen-er-a-tion with-out pan-cre-atic
 []


Underfull \hbox (badness 10000) in paragraph at lines 222--225
\T1/phv/m/n/10 of mRNA trans-la-tion en-hances cog-ni-tive
 []


Underfull \hbox (badness 10000) in paragraph at lines 222--225
\T1/phv/m/n/10 mem-ory. \T1/phv/m/sl/10 Elife \T1/phv/b/n/10 2 \T1/phv/m/n/10 (
2013). Avail-able from:
 []


Underfull \hbox (badness 10000) in paragraph at lines 227--231
\T1/phv/m/n/10 in a trans-la-tion ini-ti-a-tion fac-tor iden-tify the
 []


Underfull \hbox (badness 10000) in paragraph at lines 227--231
\T1/phv/m/n/10 tar-get of a memory-enhancing com-pound.
 []


Underfull \hbox (badness 10000) in paragraph at lines 227--231
\T1/phv/m/sl/10 Sci-ence \T1/phv/b/n/10 348 \T1/phv/m/n/10 (2015). Avail-able f
rom:
 []


Underfull \hbox (badness 10000) in paragraph at lines 233--236
\T1/phv/m/n/10 of tran-scrip-tomes in the pres-ence of
 []


Underfull \hbox (badness 10000) in paragraph at lines 233--236
\T1/phv/m/n/10 in-ser-tions, dele-tions and gene fu-sions.
 []


Underfull \hbox (badness 10000) in paragraph at lines 233--236
\T1/phv/m/sl/10 Genome Biol \T1/phv/b/n/10 14 \T1/phv/m/n/10 (2013). Avail-able
 from:
 []


Underfull \hbox (badness 10000) in paragraph at lines 238--239
[]\T1/phv/m/n/10 GeneCards. $\T1/cmtt/m/n/10 https : / / www . genecards . org/
$\T1/phv/m/n/10 .
 []


Underfull \hbox (badness 10000) in paragraph at lines 245--246
[]\T1/phv/m/n/10 UniProt. $\T1/cmtt/m/n/10 https : / / www . uniprot . org / un
iprot/$\T1/phv/m/n/10 .
 []


Underfull \hbox (badness 10000) in paragraph at lines 248--251
[]\T1/phv/m/n/10 R. Tun-ney, \T1/phv/m/sl/10 et al.\T1/phv/m/n/10 . Ac-cu-rate 
de-sign of
 []


Underfull \hbox (badness 10000) in paragraph at lines 248--251
\T1/phv/m/n/10 trans-la-tional out-put by a neu-ral net-work
 []


Underfull \hbox (badness 10000) in paragraph at lines 248--251
\T1/phv/m/n/10 model of ri-bo-some dis-tri-bu-tion. \T1/phv/m/sl/10 Nat Struct
 []


Underfull \hbox (badness 10000) in paragraph at lines 248--251
\T1/phv/m/sl/10 Mol Biol \T1/phv/b/n/10 25\T1/phv/m/n/10 , 577 (2018). Avail-ab
le from:
 []


Underfull \hbox (badness 10000) in paragraph at lines 258--261
[]\T1/phv/m/n/10 Y. Wong, \T1/phv/m/sl/10 et al.\T1/phv/m/n/10 . eIF2B ac-ti-va
-tor pre-vents
 []


Underfull \hbox (badness 10000) in paragraph at lines 266--269
[]\T1/phv/m/n/10 Manuscript code. $\T1/cmtt/m/n/10 https : / / github . com /
 []


Underfull \hbox (badness 10000) in paragraph at lines 266--269
\T1/cmtt/m/n/10 XPRESSyourself / xpressyourself _ manuscript /
 []


Underfull \hbox (badness 10000) in paragraph at lines 274--277
\T1/phv/m/n/10 an ultra-fast all-in-one FASTQ pre-pro-ces-sor.
 []


Underfull \hbox (badness 10000) in paragraph at lines 274--277
\T1/phv/m/sl/10 Bioin-for-mat-ics \T1/phv/b/n/10 34 \T1/phv/m/n/10 (2018). Avai
l-able from:
 []


Underfull \hbox (badness 5475) in paragraph at lines 279--282
[]\T1/phv/m/n/10 H. Li, \T1/phv/m/sl/10 et al.\T1/phv/m/n/10 . The Se-quence Al
ign-men-t/Map
 []


Underfull \hbox (badness 10000) in paragraph at lines 279--282
\T1/phv/m/n/10 for-mat and SAM-tools. \T1/phv/m/sl/10 Bioin-for-mat-ics
 []


Underfull \hbox (badness 10000) in paragraph at lines 279--282
\T1/phv/b/n/10 25\T1/phv/m/n/10 , 2078 (2009). Avail-able from:
 []


Underfull \hbox (badness 10000) in paragraph at lines 284--287
\T1/phv/m/n/10 of util-i-ties for com-par-ing ge-nomic fea-tures.
 []


Underfull \hbox (badness 10000) in paragraph at lines 289--291
[]\T1/phv/m/n/10 S. An-drews. FastQC. $\T1/cmtt/m/n/10 http : / / www .
 []


Underfull \hbox (badness 10000) in paragraph at lines 289--291
\T1/cmtt/m/n/10 bioinformatics . babraham . ac . uk / projects /
 []


Underfull \hbox (badness 10000) in paragraph at lines 293--297
\T1/phv/b/n/10 32\T1/phv/m/n/10 , 3047^^U3048 (2016). Avail-able from:
 []


Underfull \hbox (badness 7796) in paragraph at lines 299--301
[]\T1/phv/m/n/10 W. McK-in-ney. Data Struc-tures for Sta-tis-ti-cal
 []


Underfull \hbox (badness 5637) in paragraph at lines 315--317
[]\T1/phv/m/n/10 L. Buit-inck, \T1/phv/m/sl/10 et al.\T1/phv/m/n/10 . \T1/phv/m
/sl/10 ECML PKDD Work-shop:
 []


Underfull \hbox (badness 10000) in paragraph at lines 319--322
[]\T1/phv/m/n/10 J. Hunter. Mat-plotlib: A 2D graph-ics
 []


Underfull \hbox (badness 10000) in paragraph at lines 319--322
\T1/phv/m/n/10 en-vi-ron-ment. \T1/phv/m/sl/10 Com-put-ing In Sci-ence &
 []


Underfull \hbox (badness 10000) in paragraph at lines 319--322
\T1/phv/m/sl/10 En-gi-neer-ing \T1/phv/b/n/10 9\T1/phv/m/n/10 , 90 (2007). Avai
l-able from:
 []


Underfull \hbox (badness 10000) in paragraph at lines 324--327
\T1/phv/m/n/10 and An-no-tat-ing Ge-nomic Ranges. \T1/phv/m/sl/10 PLoS
 []


Overfull \hbox (10.10423pt too wide) in paragraph at lines 329--331
\T1/phv/m/n/10 https://doi.org/http://doi.org/10.5281/zenodo.1313201. 
 []

[19]
Underfull \hbox (badness 10000) in paragraph at lines 340--344
[]\T1/phv/m/n/10 F. Liesecke, \T1/phv/m/sl/10 et al.\T1/phv/m/n/10 . Rank-ing g
enome-wide
 []


Underfull \hbox (badness 10000) in paragraph at lines 349--351
\T1/cmtt/m/n/10 / / aws . amazon . com / ec2 / pricing / on-[]demand/$\T1/phv/m
/n/10 .
 []


Underfull \hbox (badness 10000) in paragraph at lines 357--359
[]\T1/phv/m/n/10 Ribosome Pro-fil-ing GEO Ac-ces-sion. $\T1/cmtt/m/n/10 https :

 []


Underfull \hbox (badness 10000) in paragraph at lines 357--359
\T1/cmtt/m/n/10 / / www . ncbi . nlm . nih . gov / geo / query / acc . cgi ?
 []


Underfull \hbox (badness 10000) in paragraph at lines 361--363
\T1/cmtt/m/n/10 nlm . nih . gov / projects / gap / cgi-[]bin / study . cgi ?
 []

) [20]
<figures/xpresspipe_supplement1.png, id=91, 588.5187pt x 472.6458pt>
File: figures/xpresspipe_supplement1.png Graphic file (type png)
<use figures/xpresspipe_supplement1.png>
Package pdftex.def Info: figures/xpresspipe_supplement1.png  used on input line
 630.
(pdftex.def)             Requested size: 455.24408pt x 365.61877pt.
<figures/xpresspipe_supplement2.png, id=92, 483.7272pt x 555.7563pt>
File: figures/xpresspipe_supplement2.png Graphic file (type png)
<use figures/xpresspipe_supplement2.png>
Package pdftex.def Info: figures/xpresspipe_supplement2.png  used on input line
 637.
(pdftex.def)             Requested size: 455.24408pt x 523.03853pt.
<figures/xpresspipe_supplement3.png, id=93, 516.9714pt x 513.5988pt>
File: figures/xpresspipe_supplement3.png Graphic file (type png)
<use figures/xpresspipe_supplement3.png>
Package pdftex.def Info: figures/xpresspipe_supplement3.png  used on input line
 644.
(pdftex.def)             Requested size: 512.1496pt x 508.84056pt.
<figures/xpresspipe_supplement4.png, id=94, 555.9972pt x 668.4975pt>
File: figures/xpresspipe_supplement4.png Graphic file (type png)
<use figures/xpresspipe_supplement4.png>
Package pdftex.def Info: figures/xpresspipe_supplement4.png  used on input line
 651.
(pdftex.def)             Requested size: 512.1496pt x 615.8412pt.
<figures/xpresspipe_supplement5.png, id=95, 420.8523pt x 426.1521pt>
File: figures/xpresspipe_supplement5.png Graphic file (type png)
<use figures/xpresspipe_supplement5.png>
Package pdftex.def Info: figures/xpresspipe_supplement5.png  used on input line
 658.
(pdftex.def)             Requested size: 512.1496pt x 518.6433pt.
<figures/xpresspipe_supplement6.png, id=96, 398.4486pt x 226.2051pt>
File: figures/xpresspipe_supplement6.png Graphic file (type png)
<use figures/xpresspipe_supplement6.png>
Package pdftex.def Info: figures/xpresspipe_supplement6.png  used on input line
 665.
(pdftex.def)             Requested size: 512.1496pt x 290.75993pt.
<figures/xpresspipe_supplement7.png, id=97, 427.3566pt x 410.9754pt>
File: figures/xpresspipe_supplement7.png Graphic file (type png)
<use figures/xpresspipe_supplement7.png>
Package pdftex.def Info: figures/xpresspipe_supplement7.png  used on input line
 672.
(pdftex.def)             Requested size: 512.1496pt x 492.566pt.
<figures/xpresspipe_supplement8.png, id=98, 377.2494pt x 337.0191pt>
File: figures/xpresspipe_supplement8.png Graphic file (type png)
<use figures/xpresspipe_supplement8.png>
Package pdftex.def Info: figures/xpresspipe_supplement8.png  used on input line
 679.
(pdftex.def)             Requested size: 512.1496pt x 457.60454pt.
 [21 <./figures/xpresspipe_supplement1.png>] [22 <./figures/xpresspipe_suppleme
nt2.png>] [23 <./figures/xpresspipe_supplement3.png>] [24 <./figures/xpresspipe
_supplement4.png>] [25 <./figures/xpresspipe_supplement5.png>] [26 <./figures/x
presspipe_supplement6.png>] [27 <./figures/xpresspipe_supplement7.png>]
[28 <./figures/xpresspipe_supplement8.png>] (./xpressyourself_vnatmeth.aux) ) 
Here is how much of TeX's memory you used:
 6585 strings out of 492649
 96529 string characters out of 6129622
 203996 words of memory out of 5000000
 10331 multiletter control sequences out of 15000+600000
 43677 words of font info for 53 fonts, out of 8000000 for 9000
 1141 hyphenation exceptions out of 8191
 42i,10n,47p,1950b,1289s stack positions out of 5000i,500n,10000p,200000b,80000s
{/
usr/local/texlive/2018/texmf-dist/fonts/enc/dvips/base/8r.enc}{/usr/local/texli
ve/2018/texmf-dist/fonts/enc/dvips/cm-super/cm-super-t1.enc}</usr/local/texlive
/2018/texmf-dist/fonts/type1/public/amsfonts/cm/cmex10.pfb></usr/local/texlive/
2018/texmf-dist/fonts/type1/public/amsfonts/cm/cmmi10.pfb></usr/local/texlive/2
018/texmf-dist/fonts/type1/public/amsfonts/cm/cmmi7.pfb></usr/local/texlive/201
8/texmf-dist/fonts/type1/public/amsfonts/cm/cmmi8.pfb></usr/local/texlive/2018/
texmf-dist/fonts/type1/public/amsfonts/cm/cmmi9.pfb></usr/local/texlive/2018/te
xmf-dist/fonts/type1/public/amsfonts/cm/cmr10.pfb></usr/local/texlive/2018/texm
f-dist/fonts/type1/public/amsfonts/cm/cmr7.pfb></usr/local/texlive/2018/texmf-d
ist/fonts/type1/public/amsfonts/cm/cmr8.pfb></usr/local/texlive/2018/texmf-dist
/fonts/type1/public/amsfonts/cm/cmsy10.pfb></usr/local/texlive/2018/texmf-dist/
fonts/type1/public/amsfonts/cm/cmsy7.pfb></usr/local/texlive/2018/texmf-dist/fo
nts/type1/public/amsfonts/cm/cmsy8.pfb></usr/local/texlive/2018/texmf-dist/font
s/type1/public/cm-super/sftt0900.pfb></usr/local/texlive/2018/texmf-dist/fonts/
type1/public/cm-super/sftt1000.pfb></usr/local/texlive/2018/texmf-dist/fonts/ty
pe1/urw/helvetic/uhvb8a.pfb></usr/local/texlive/2018/texmf-dist/fonts/type1/urw
/helvetic/uhvr8a.pfb></usr/local/texlive/2018/texmf-dist/fonts/type1/urw/helvet
ic/uhvro8a.pfb>
Output written on xpressyourself_vnatmeth.pdf (28 pages, 4527794 bytes).
PDF statistics:
 186 PDF objects out of 1000 (max. 8388607)
 114 compressed objects within 2 object streams
 0 named destinations out of 1000 (max. 500000)
 61 words of extra memory for PDF output out of 10000 (max. 10000000)

