======================
User commands summary:
======================
XPRESSpipe version: 0.1.4-beta
cmd: riboseq
input: /scratch/general/lustre/uNID/7322865/input/
output: /scratch/general/lustre/uNID/7322865/output/v96_truncated/
reference: /scratch/general/lustre/uNID/references/human_reference_se/
gtf: /scratch/general/lustre/uNID/references/human_reference_se/transcripts_CT.gtf
experiment: isrib_comp_v96_truncated
two_pass: False
adaptors: ['CTGTAGGCACCATCAAT']
quality: 28
min_length: 18
no_multimappers: False
deduplicate: False
output_bed: False
quantification_method: htseq
feature_type: CDS
stranded: no
method: None
batch: None
sjdbOverhang: 49
mismatchRatio: 0.1
seedSearchStartLmax: 50
genome_size: 14
max_processors: None
path: /uufs/chpc.utah.edu/common/home/uNID/XPRESSpipe/xpresspipe/
log_loc: /scratch/general/lustre/uNID/7322865/output/v96_truncated/
log:  >> /scratch/general/lustre/uNID/7322865/output/v96_truncated/isrib_comp_v96_truncated.log 2>&1
log_file: /scratch/general/lustre/uNID/7322865/output/v96_truncated/isrib_comp_v96_truncated.log
=====================
End commands summary
=====================

Read1 before filtering:
total reads: 22950752
total bases: 1147537600
Q20 bases: 1129665412(98.4426%)
Q30 bases: 1095360406(95.4531%)

Read1 after filtering:
total reads: 22505440
total bases: 1102495459
Q20 bases: 1091992588(99.0474%)
Q30 bases: 1062920326(96.4104%)

Filtering result:
reads passed filter: 22505440
reads failed due to low quality: 444874
reads failed due to too many N: 140
reads failed due to too short: 298
reads with adapter trimmed: 45978
bases trimmed due to adapters: 278414

Duplication rate (may be overestimated since this is SE data): 23.4647%

JSON report: /scratch/general/lustre/uNID/7322865/output/v96_truncated/trimmed_fastq/SRR1795409_1fastp.json
HTML report: /scratch/general/lustre/uNID/7322865/output/v96_truncated/trimmed_fastq/SRR1795409_1fastp.html

fastp -f 1 --thread 16 -i /scratch/general/lustre/uNID/7322865/input/SRR1795409_1.fastq -o /scratch/general/lustre/uNID/7322865/output/v96_truncated/trimmed_fastq/trimmed_SRR1795409_1.fastq -a CTGTAGGCACCATCAAT -l 18 -q 28 -j /scratch/general/lustre/uNID/7322865/output/v96_truncated/trimmed_fastq/SRR1795409_1fastp.json -h /scratch/general/lustre/uNID/7322865/output/v96_truncated/trimmed_fastq/SRR1795409_1fastp.html
fastp v0.20.0, time used: 65 seconds
Read1 before filtering:
total reads: 27110656
total bases: 1355532800
Q20 bases: 1317131613(97.1671%)
Q30 bases: 1253275379(92.4563%)

Read1 after filtering:
total reads: 26190284
total bases: 1283006086
Q20 bases: 1259886667(98.198%)
Q30 bases: 1206339056(94.0244%)

Filtering result:
reads passed filter: 26190284
reads failed due to low quality: 918547
reads failed due to too many N: 1455
reads failed due to too short: 370
reads with adapter trimmed: 54376
bases trimmed due to adapters: 329402

Duplication rate (may be overestimated since this is SE data): 20.8788%

JSON report: /scratch/general/lustre/uNID/7322865/output/v96_truncated/trimmed_fastq/SRR1795410_1fastp.json
HTML report: /scratch/general/lustre/uNID/7322865/output/v96_truncated/trimmed_fastq/SRR1795410_1fastp.html

fastp -f 1 --thread 16 -i /scratch/general/lustre/uNID/7322865/input/SRR1795410_1.fastq -o /scratch/general/lustre/uNID/7322865/output/v96_truncated/trimmed_fastq/trimmed_SRR1795410_1.fastq -a CTGTAGGCACCATCAAT -l 18 -q 28 -j /scratch/general/lustre/uNID/7322865/output/v96_truncated/trimmed_fastq/SRR1795410_1fastp.json -h /scratch/general/lustre/uNID/7322865/output/v96_truncated/trimmed_fastq/SRR1795410_1fastp.html
fastp v0.20.0, time used: 96 seconds
Read1 before filtering:
total reads: 20984212
total bases: 1049210600
Q20 bases: 1018920970(97.1131%)
Q30 bases: 969150335(92.3695%)

Read1 after filtering:
total reads: 20252219
total bases: 992121100
Q20 bases: 974043038(98.1778%)
Q30 bases: 932414144(93.9819%)

Filtering result:
reads passed filter: 20252219
reads failed due to low quality: 730376
reads failed due to too many N: 1283
reads failed due to too short: 334
reads with adapter trimmed: 40825
bases trimmed due to adapters: 247572

Duplication rate (may be overestimated since this is SE data): 20.7542%

JSON report: /scratch/general/lustre/uNID/7322865/output/v96_truncated/trimmed_fastq/SRR1795412_1fastp.json
HTML report: /scratch/general/lustre/uNID/7322865/output/v96_truncated/trimmed_fastq/SRR1795412_1fastp.html

fastp -f 1 --thread 16 -i /scratch/general/lustre/uNID/7322865/input/SRR1795412_1.fastq -o /scratch/general/lustre/uNID/7322865/output/v96_truncated/trimmed_fastq/trimmed_SRR1795412_1.fastq -a CTGTAGGCACCATCAAT -l 18 -q 28 -j /scratch/general/lustre/uNID/7322865/output/v96_truncated/trimmed_fastq/SRR1795412_1fastp.json -h /scratch/general/lustre/uNID/7322865/output/v96_truncated/trimmed_fastq/SRR1795412_1fastp.html
fastp v0.20.0, time used: 71 seconds
Read1 before filtering:
total reads: 24517587
total bases: 1225879350
Q20 bases: 1206350621(98.407%)
Q30 bases: 1169347947(95.3885%)

Read1 after filtering:
total reads: 24027000
total bases: 1177041771
Q20 bases: 1165676023(99.0344%)
Q30 bases: 1134394449(96.3767%)

Filtering result:
reads passed filter: 24027000
reads failed due to low quality: 490115
reads failed due to too many N: 152
reads failed due to too short: 320
reads with adapter trimmed: 47899
bases trimmed due to adapters: 289504

Duplication rate (may be overestimated since this is SE data): 25.3444%

JSON report: /scratch/general/lustre/uNID/7322865/output/v96_truncated/trimmed_fastq/SRR1795411_1fastp.json
HTML report: /scratch/general/lustre/uNID/7322865/output/v96_truncated/trimmed_fastq/SRR1795411_1fastp.html

fastp -f 1 --thread 16 -i /scratch/general/lustre/uNID/7322865/input/SRR1795411_1.fastq -o /scratch/general/lustre/uNID/7322865/output/v96_truncated/trimmed_fastq/trimmed_SRR1795411_1.fastq -a CTGTAGGCACCATCAAT -l 18 -q 28 -j /scratch/general/lustre/uNID/7322865/output/v96_truncated/trimmed_fastq/SRR1795411_1fastp.json -h /scratch/general/lustre/uNID/7322865/output/v96_truncated/trimmed_fastq/SRR1795411_1fastp.html
fastp v0.20.0, time used: 76 seconds
Read1 before filtering:
total reads: 17613014
total bases: 880650700
Q20 bases: 858495018(97.4842%)
Q30 bases: 819020608(93.0018%)

Read1 after filtering:
total reads: 17103831
total bases: 837876813
Q20 bases: 823822047(98.3226%)
Q30 bases: 790381794(94.3315%)

Filtering result:
reads passed filter: 17103831
reads failed due to low quality: 507857
reads failed due to too many N: 1090
reads failed due to too short: 236
reads with adapter trimmed: 35990
bases trimmed due to adapters: 218396

Duplication rate (may be overestimated since this is SE data): 20.9274%

JSON report: /scratch/general/lustre/uNID/7322865/output/v96_truncated/trimmed_fastq/SRR1795414_1fastp.json
HTML report: /scratch/general/lustre/uNID/7322865/output/v96_truncated/trimmed_fastq/SRR1795414_1fastp.html

fastp -f 1 --thread 16 -i /scratch/general/lustre/uNID/7322865/input/SRR1795414_1.fastq -o /scratch/general/lustre/uNID/7322865/output/v96_truncated/trimmed_fastq/trimmed_SRR1795414_1.fastq -a CTGTAGGCACCATCAAT -l 18 -q 28 -j /scratch/general/lustre/uNID/7322865/output/v96_truncated/trimmed_fastq/SRR1795414_1fastp.json -h /scratch/general/lustre/uNID/7322865/output/v96_truncated/trimmed_fastq/SRR1795414_1fastp.html
fastp v0.20.0, time used: 59 seconds
Read1 before filtering:
total reads: 23142599
total bases: 1157129950
Q20 bases: 1141838435(98.6785%)
Q30 bases: 1109752819(95.9056%)

Read1 after filtering:
total reads: 22781707
total bases: 1116022642
Q20 bases: 1106405009(99.1382%)
Q30 bases: 1078884688(96.6723%)

Filtering result:
reads passed filter: 22781707
reads failed due to low quality: 360438
reads failed due to too many N: 153
reads failed due to too short: 301
reads with adapter trimmed: 47511
bases trimmed due to adapters: 288666

Duplication rate (may be overestimated since this is SE data): 26.0088%

JSON report: /scratch/general/lustre/uNID/7322865/output/v96_truncated/trimmed_fastq/SRR1795413_1fastp.json
HTML report: /scratch/general/lustre/uNID/7322865/output/v96_truncated/trimmed_fastq/SRR1795413_1fastp.html

fastp -f 1 --thread 16 -i /scratch/general/lustre/uNID/7322865/input/SRR1795413_1.fastq -o /scratch/general/lustre/uNID/7322865/output/v96_truncated/trimmed_fastq/trimmed_SRR1795413_1.fastq -a CTGTAGGCACCATCAAT -l 18 -q 28 -j /scratch/general/lustre/uNID/7322865/output/v96_truncated/trimmed_fastq/SRR1795413_1fastp.json -h /scratch/general/lustre/uNID/7322865/output/v96_truncated/trimmed_fastq/SRR1795413_1fastp.html
fastp v0.20.0, time used: 68 seconds
Read1 before filtering:
total reads: 15923596
total bases: 796179800
Q20 bases: 775290660(97.3763%)
Q30 bases: 739657083(92.9008%)

Read1 after filtering:
total reads: 15438975
total bases: 756313060
Q20 bases: 743316860(98.2816%)
Q30 bases: 713219486(94.3022%)

Filtering result:
reads passed filter: 15438975
reads failed due to low quality: 483489
reads failed due to too many N: 909
reads failed due to too short: 223
reads with adapter trimmed: 33531
bases trimmed due to adapters: 203772

Duplication rate (may be overestimated since this is SE data): 17.5592%

JSON report: /scratch/general/lustre/uNID/7322865/output/v96_truncated/trimmed_fastq/SRR1795416_1fastp.json
HTML report: /scratch/general/lustre/uNID/7322865/output/v96_truncated/trimmed_fastq/SRR1795416_1fastp.html

fastp -f 1 --thread 16 -i /scratch/general/lustre/uNID/7322865/input/SRR1795416_1.fastq -o /scratch/general/lustre/uNID/7322865/output/v96_truncated/trimmed_fastq/trimmed_SRR1795416_1.fastq -a CTGTAGGCACCATCAAT -l 18 -q 28 -j /scratch/general/lustre/uNID/7322865/output/v96_truncated/trimmed_fastq/SRR1795416_1fastp.json -h /scratch/general/lustre/uNID/7322865/output/v96_truncated/trimmed_fastq/SRR1795416_1fastp.html
fastp v0.20.0, time used: 55 seconds
Read1 before filtering:
total reads: 20002013
total bases: 1000100650
Q20 bases: 985884848(98.5786%)
Q30 bases: 957992586(95.7896%)

Read1 after filtering:
total reads: 19663805
total bases: 963276392
Q20 bases: 954559491(99.0951%)
Q30 bases: 930703640(96.6185%)

Filtering result:
reads passed filter: 19663805
reads failed due to low quality: 337800
reads failed due to too many N: 151
reads failed due to too short: 257
reads with adapter trimmed: 42231
bases trimmed due to adapters: 256790

Duplication rate (may be overestimated since this is SE data): 21.9161%

JSON report: /scratch/general/lustre/uNID/7322865/output/v96_truncated/trimmed_fastq/SRR1795415_1fastp.json
HTML report: /scratch/general/lustre/uNID/7322865/output/v96_truncated/trimmed_fastq/SRR1795415_1fastp.html

fastp -f 1 --thread 16 -i /scratch/general/lustre/uNID/7322865/input/SRR1795415_1.fastq -o /scratch/general/lustre/uNID/7322865/output/v96_truncated/trimmed_fastq/trimmed_SRR1795415_1.fastq -a CTGTAGGCACCATCAAT -l 18 -q 28 -j /scratch/general/lustre/uNID/7322865/output/v96_truncated/trimmed_fastq/SRR1795415_1fastp.json -h /scratch/general/lustre/uNID/7322865/output/v96_truncated/trimmed_fastq/SRR1795415_1fastp.html
fastp v0.20.0, time used: 81 seconds
Read1 before filtering:
total reads: 14808006
total bases: 740400300
Q20 bases: 730569881(98.6723%)
Q30 bases: 710125077(95.911%)

Read1 after filtering:
total reads: 14576830
total bases: 714089558
Q20 bases: 707907582(99.1343%)
Q30 bases: 690369074(96.6782%)

Filtering result:
reads passed filter: 14576830
reads failed due to low quality: 230910
reads failed due to too many N: 100
reads failed due to too short: 166
reads with adapter trimmed: 29531
bases trimmed due to adapters: 179477

Duplication rate (may be overestimated since this is SE data): 25.4296%

JSON report: /scratch/general/lustre/uNID/7322865/output/v96_truncated/trimmed_fastq/SRR1795417_1fastp.json
HTML report: /scratch/general/lustre/uNID/7322865/output/v96_truncated/trimmed_fastq/SRR1795417_1fastp.html

fastp -f 1 --thread 16 -i /scratch/general/lustre/uNID/7322865/input/SRR1795417_1.fastq -o /scratch/general/lustre/uNID/7322865/output/v96_truncated/trimmed_fastq/trimmed_SRR1795417_1.fastq -a CTGTAGGCACCATCAAT -l 18 -q 28 -j /scratch/general/lustre/uNID/7322865/output/v96_truncated/trimmed_fastq/SRR1795417_1fastp.json -h /scratch/general/lustre/uNID/7322865/output/v96_truncated/trimmed_fastq/SRR1795417_1fastp.html
fastp v0.20.0, time used: 44 seconds
Read1 before filtering:
total reads: 14896916
total bases: 744845800
Q20 bases: 726071580(97.4794%)
Q30 bases: 692807515(93.0135%)

Read1 after filtering:
total reads: 14465936
total bases: 708659035
Q20 bases: 696749485(98.3194%)
Q30 bases: 668573345(94.3434%)

Filtering result:
reads passed filter: 14465936
reads failed due to low quality: 429945
reads failed due to too many N: 843
reads failed due to too short: 192
reads with adapter trimmed: 29189
bases trimmed due to adapters: 177578

Duplication rate (may be overestimated since this is SE data): 21.9213%

JSON report: /scratch/general/lustre/uNID/7322865/output/v96_truncated/trimmed_fastq/SRR1795418_1fastp.json
HTML report: /scratch/general/lustre/uNID/7322865/output/v96_truncated/trimmed_fastq/SRR1795418_1fastp.html

fastp -f 1 --thread 16 -i /scratch/general/lustre/uNID/7322865/input/SRR1795418_1.fastq -o /scratch/general/lustre/uNID/7322865/output/v96_truncated/trimmed_fastq/trimmed_SRR1795418_1.fastq -a CTGTAGGCACCATCAAT -l 18 -q 28 -j /scratch/general/lustre/uNID/7322865/output/v96_truncated/trimmed_fastq/SRR1795418_1fastp.json -h /scratch/general/lustre/uNID/7322865/output/v96_truncated/trimmed_fastq/SRR1795418_1fastp.html
fastp v0.20.0, time used: 46 seconds
Read1 before filtering:
total reads: 17185011
total bases: 859250550
Q20 bases: 837646924(97.4858%)
Q30 bases: 799070591(92.9962%)

Read1 after filtering:
total reads: 16688282
total bases: 817521853
Q20 bases: 803801756(98.3217%)
Q30 bases: 771143805(94.327%)

Filtering result:
reads passed filter: 16688282
reads failed due to low quality: 495476
reads failed due to too many N: 998
reads failed due to too short: 255
reads with adapter trimmed: 34719
bases trimmed due to adapters: 211535

Duplication rate (may be overestimated since this is SE data): 22.5195%

JSON report: /scratch/general/lustre/uNID/7322865/output/v96_truncated/trimmed_fastq/SRR1795420_1fastp.json
HTML report: /scratch/general/lustre/uNID/7322865/output/v96_truncated/trimmed_fastq/SRR1795420_1fastp.html

fastp -f 1 --thread 16 -i /scratch/general/lustre/uNID/7322865/input/SRR1795420_1.fastq -o /scratch/general/lustre/uNID/7322865/output/v96_truncated/trimmed_fastq/trimmed_SRR1795420_1.fastq -a CTGTAGGCACCATCAAT -l 18 -q 28 -j /scratch/general/lustre/uNID/7322865/output/v96_truncated/trimmed_fastq/SRR1795420_1fastp.json -h /scratch/general/lustre/uNID/7322865/output/v96_truncated/trimmed_fastq/SRR1795420_1fastp.html
fastp v0.20.0, time used: 64 seconds
Read1 before filtering:
total reads: 20762175
total bases: 1038108750
Q20 bases: 1024504840(98.6895%)
Q30 bases: 995756181(95.9202%)

Read1 after filtering:
total reads: 20440979
total bases: 1001359734
Q20 bases: 992791054(99.1443%)
Q30 bases: 968149554(96.6835%)

Filtering result:
reads passed filter: 20440979
reads failed due to low quality: 320779
reads failed due to too many N: 150
reads failed due to too short: 267
reads with adapter trimmed: 41842
bases trimmed due to adapters: 254827

Duplication rate (may be overestimated since this is SE data): 27.1366%

JSON report: /scratch/general/lustre/uNID/7322865/output/v96_truncated/trimmed_fastq/SRR1795419_1fastp.json
HTML report: /scratch/general/lustre/uNID/7322865/output/v96_truncated/trimmed_fastq/SRR1795419_1fastp.html

fastp -f 1 --thread 16 -i /scratch/general/lustre/uNID/7322865/input/SRR1795419_1.fastq -o /scratch/general/lustre/uNID/7322865/output/v96_truncated/trimmed_fastq/trimmed_SRR1795419_1.fastq -a CTGTAGGCACCATCAAT -l 18 -q 28 -j /scratch/general/lustre/uNID/7322865/output/v96_truncated/trimmed_fastq/SRR1795419_1fastp.json -h /scratch/general/lustre/uNID/7322865/output/v96_truncated/trimmed_fastq/SRR1795419_1fastp.html
fastp v0.20.0, time used: 96 seconds
Read1 before filtering:
total reads: 18433754
total bases: 921687700
Q20 bases: 898294362(97.4619%)
Q30 bases: 856694663(92.9485%)

Read1 after filtering:
total reads: 17889128
total bases: 876351481
Q20 bases: 861621433(98.3192%)
Q30 bases: 826495024(94.3109%)

Filtering result:
reads passed filter: 17889128
reads failed due to low quality: 543273
reads failed due to too many N: 1091
reads failed due to too short: 262
reads with adapter trimmed: 36866
bases trimmed due to adapters: 224119

Duplication rate (may be overestimated since this is SE data): 23.5664%

JSON report: /scratch/general/lustre/uNID/7322865/output/v96_truncated/trimmed_fastq/SRR1795422_1fastp.json
HTML report: /scratch/general/lustre/uNID/7322865/output/v96_truncated/trimmed_fastq/SRR1795422_1fastp.html

fastp -f 1 --thread 16 -i /scratch/general/lustre/uNID/7322865/input/SRR1795422_1.fastq -o /scratch/general/lustre/uNID/7322865/output/v96_truncated/trimmed_fastq/trimmed_SRR1795422_1.fastq -a CTGTAGGCACCATCAAT -l 18 -q 28 -j /scratch/general/lustre/uNID/7322865/output/v96_truncated/trimmed_fastq/SRR1795422_1fastp.json -h /scratch/general/lustre/uNID/7322865/output/v96_truncated/trimmed_fastq/SRR1795422_1fastp.html
fastp v0.20.0, time used: 54 seconds
Read1 before filtering:
total reads: 39588434
total bases: 1979421700
Q20 bases: 1953236514(98.6771%)
Q30 bases: 1898009735(95.8871%)

Read1 after filtering:
total reads: 38963544
total bases: 1908742777
Q20 bases: 1892352669(99.1413%)
Q30 bases: 1845103195(96.6659%)

Filtering result:
reads passed filter: 38963544
reads failed due to low quality: 624132
reads failed due to too many N: 265
reads failed due to too short: 493
reads with adapter trimmed: 79495
bases trimmed due to adapters: 483593

Duplication rate (may be overestimated since this is SE data): 32.5692%

JSON report: /scratch/general/lustre/uNID/7322865/output/v96_truncated/trimmed_fastq/SRR1795421_1fastp.json
HTML report: /scratch/general/lustre/uNID/7322865/output/v96_truncated/trimmed_fastq/SRR1795421_1fastp.html

fastp -f 1 --thread 16 -i /scratch/general/lustre/uNID/7322865/input/SRR1795421_1.fastq -o /scratch/general/lustre/uNID/7322865/output/v96_truncated/trimmed_fastq/trimmed_SRR1795421_1.fastq -a CTGTAGGCACCATCAAT -l 18 -q 28 -j /scratch/general/lustre/uNID/7322865/output/v96_truncated/trimmed_fastq/SRR1795421_1fastp.json -h /scratch/general/lustre/uNID/7322865/output/v96_truncated/trimmed_fastq/SRR1795421_1fastp.html
fastp v0.20.0, time used: 154 seconds
Read1 before filtering:
total reads: 20095008
total bases: 1004750400
Q20 bases: 990499400(98.5816%)
Q30 bases: 961616020(95.707%)

Read1 after filtering:
total reads: 19749534
total bases: 967491865
Q20 bases: 958790019(99.1006%)
Q30 bases: 934144742(96.5532%)

Filtering result:
reads passed filter: 19749534
reads failed due to low quality: 345094
reads failed due to too many N: 148
reads failed due to too short: 232
reads with adapter trimmed: 39764
bases trimmed due to adapters: 241360

Duplication rate (may be overestimated since this is SE data): 26.592%

JSON report: /scratch/general/lustre/uNID/7322865/output/v96_truncated/trimmed_fastq/SRR1795423_1fastp.json
HTML report: /scratch/general/lustre/uNID/7322865/output/v96_truncated/trimmed_fastq/SRR1795423_1fastp.html

fastp -f 1 --thread 16 -i /scratch/general/lustre/uNID/7322865/input/SRR1795423_1.fastq -o /scratch/general/lustre/uNID/7322865/output/v96_truncated/trimmed_fastq/trimmed_SRR1795423_1.fastq -a CTGTAGGCACCATCAAT -l 18 -q 28 -j /scratch/general/lustre/uNID/7322865/output/v96_truncated/trimmed_fastq/SRR1795423_1fastp.json -h /scratch/general/lustre/uNID/7322865/output/v96_truncated/trimmed_fastq/SRR1795423_1fastp.html
fastp v0.20.0, time used: 69 seconds
Read1 before filtering:
total reads: 71771597
total bases: 3588579850
Q20 bases: 3492947592(97.3351%)
Q30 bases: 3328291311(92.7468%)

Read1 after filtering:
total reads: 69522448
total bases: 3405767172
Q20 bases: 3346687587(98.2653%)
Q30 bases: 3207949590(94.1917%)

Filtering result:
reads passed filter: 69522448
reads failed due to low quality: 2243938
reads failed due to too many N: 4316
reads failed due to too short: 895
reads with adapter trimmed: 142191
bases trimmed due to adapters: 862367

Duplication rate (may be overestimated since this is SE data): 30.8682%

JSON report: /scratch/general/lustre/uNID/7322865/output/v96_truncated/trimmed_fastq/SRR1795424_1fastp.json
HTML report: /scratch/general/lustre/uNID/7322865/output/v96_truncated/trimmed_fastq/SRR1795424_1fastp.html

fastp -f 1 --thread 16 -i /scratch/general/lustre/uNID/7322865/input/SRR1795424_1.fastq -o /scratch/general/lustre/uNID/7322865/output/v96_truncated/trimmed_fastq/trimmed_SRR1795424_1.fastq -a CTGTAGGCACCATCAAT -l 18 -q 28 -j /scratch/general/lustre/uNID/7322865/output/v96_truncated/trimmed_fastq/SRR1795424_1fastp.json -h /scratch/general/lustre/uNID/7322865/output/v96_truncated/trimmed_fastq/SRR1795424_1fastp.html
fastp v0.20.0, time used: 292 seconds
Read1 before filtering:
total reads: 47236931
total bases: 2361846550
Q20 bases: 2300621862(97.4078%)
Q30 bases: 2204448721(93.3358%)

Read1 after filtering:
total reads: 46046444
total bases: 1398558888
Q20 bases: 1377352766(98.4837%)
Q30 bases: 1331021797(95.171%)

Filtering result:
reads passed filter: 46046444
reads failed due to low quality: 1168468
reads failed due to too many N: 3035
reads failed due to too short: 18984
reads with adapter trimmed: 46458695
bases trimmed due to adapters: 874811779

Duplication rate (may be overestimated since this is SE data): 8.77661%

JSON report: /scratch/general/lustre/uNID/7322865/output/v96_truncated/trimmed_fastq/SRR1795426_1fastp.json
HTML report: /scratch/general/lustre/uNID/7322865/output/v96_truncated/trimmed_fastq/SRR1795426_1fastp.html

fastp -f 1 --thread 16 -i /scratch/general/lustre/uNID/7322865/input/SRR1795426_1.fastq -o /scratch/general/lustre/uNID/7322865/output/v96_truncated/trimmed_fastq/trimmed_SRR1795426_1.fastq -a CTGTAGGCACCATCAAT -l 18 -q 28 -j /scratch/general/lustre/uNID/7322865/output/v96_truncated/trimmed_fastq/SRR1795426_1fastp.json -h /scratch/general/lustre/uNID/7322865/output/v96_truncated/trimmed_fastq/SRR1795426_1fastp.html
fastp v0.20.0, time used: 138 seconds
Read1 before filtering:
total reads: 66704290
total bases: 3335214500
Q20 bases: 3275907351(98.2218%)
Q30 bases: 3162100233(94.8095%)

Read1 after filtering:
total reads: 65463357
total bases: 1974784327
Q20 bases: 1958505276(99.1757%)
Q30 bases: 1908176869(96.6271%)

Filtering result:
reads passed filter: 65463357
reads failed due to low quality: 1178597
reads failed due to too many N: 2944
reads failed due to too short: 59392
reads with adapter trimmed: 65801343
bases trimmed due to adapters: 1252682449

Duplication rate (may be overestimated since this is SE data): 10.0301%

JSON report: /scratch/general/lustre/uNID/7322865/output/v96_truncated/trimmed_fastq/SRR1795425_1fastp.json
HTML report: /scratch/general/lustre/uNID/7322865/output/v96_truncated/trimmed_fastq/SRR1795425_1fastp.html

fastp -f 1 --thread 16 -i /scratch/general/lustre/uNID/7322865/input/SRR1795425_1.fastq -o /scratch/general/lustre/uNID/7322865/output/v96_truncated/trimmed_fastq/trimmed_SRR1795425_1.fastq -a CTGTAGGCACCATCAAT -l 18 -q 28 -j /scratch/general/lustre/uNID/7322865/output/v96_truncated/trimmed_fastq/SRR1795425_1fastp.json -h /scratch/general/lustre/uNID/7322865/output/v96_truncated/trimmed_fastq/SRR1795425_1fastp.html
fastp v0.20.0, time used: 227 seconds
Read1 before filtering:
total reads: 46820845
total bases: 2341042250
Q20 bases: 2296688913(98.1054%)
Q30 bases: 2212398331(94.5048%)

Read1 after filtering:
total reads: 45865690
total bases: 1370905419
Q20 bases: 1358246536(99.0766%)
Q30 bases: 1319841859(96.2752%)

Filtering result:
reads passed filter: 45865690
reads failed due to low quality: 894401
reads failed due to too many N: 2070
reads failed due to too short: 58684
reads with adapter trimmed: 46305283
bases trimmed due to adapters: 891924532

Duplication rate (may be overestimated since this is SE data): 10.5724%

JSON report: /scratch/general/lustre/uNID/7322865/output/v96_truncated/trimmed_fastq/SRR1795427_1fastp.json
HTML report: /scratch/general/lustre/uNID/7322865/output/v96_truncated/trimmed_fastq/SRR1795427_1fastp.html

fastp -f 1 --thread 16 -i /scratch/general/lustre/uNID/7322865/input/SRR1795427_1.fastq -o /scratch/general/lustre/uNID/7322865/output/v96_truncated/trimmed_fastq/trimmed_SRR1795427_1.fastq -a CTGTAGGCACCATCAAT -l 18 -q 28 -j /scratch/general/lustre/uNID/7322865/output/v96_truncated/trimmed_fastq/SRR1795427_1fastp.json -h /scratch/general/lustre/uNID/7322865/output/v96_truncated/trimmed_fastq/SRR1795427_1fastp.html
fastp v0.20.0, time used: 129 seconds
Read1 before filtering:
total reads: 59944413
total bases: 2997220650
Q20 bases: 2924630514(97.5781%)
Q30 bases: 2806718448(93.644%)

Read1 after filtering:
total reads: 58464102
total bases: 1776147358
Q20 bases: 1750255953(98.5423%)
Q30 bases: 1692942784(95.3154%)

Filtering result:
reads passed filter: 58464102
reads failed due to low quality: 1423488
reads failed due to too many N: 3928
reads failed due to too short: 52895
reads with adapter trimmed: 59172704
bases trimmed due to adapters: 1110949460

Duplication rate (may be overestimated since this is SE data): 7.43732%

JSON report: /scratch/general/lustre/uNID/7322865/output/v96_truncated/trimmed_fastq/SRR1795428_1fastp.json
HTML report: /scratch/general/lustre/uNID/7322865/output/v96_truncated/trimmed_fastq/SRR1795428_1fastp.html

fastp -f 1 --thread 16 -i /scratch/general/lustre/uNID/7322865/input/SRR1795428_1.fastq -o /scratch/general/lustre/uNID/7322865/output/v96_truncated/trimmed_fastq/trimmed_SRR1795428_1.fastq -a CTGTAGGCACCATCAAT -l 18 -q 28 -j /scratch/general/lustre/uNID/7322865/output/v96_truncated/trimmed_fastq/SRR1795428_1fastp.json -h /scratch/general/lustre/uNID/7322865/output/v96_truncated/trimmed_fastq/SRR1795428_1fastp.html
fastp v0.20.0, time used: 200 seconds
Read1 before filtering:
total reads: 35387242
total bases: 1769362100
Q20 bases: 1740819961(98.3869%)
Q30 bases: 1684014029(95.1763%)

Read1 after filtering:
total reads: 34612512
total bases: 1025400186
Q20 bases: 1017493306(99.2289%)
Q30 bases: 992805288(96.8213%)

Filtering result:
reads passed filter: 34612512
reads failed due to low quality: 502763
reads failed due to too many N: 1723
reads failed due to too short: 270244
reads with adapter trimmed: 34961769
bases trimmed due to adapters: 687293632

Duplication rate (may be overestimated since this is SE data): 8.12566%

JSON report: /scratch/general/lustre/uNID/7322865/output/v96_truncated/trimmed_fastq/SRR1795429_1fastp.json
HTML report: /scratch/general/lustre/uNID/7322865/output/v96_truncated/trimmed_fastq/SRR1795429_1fastp.html

fastp -f 1 --thread 16 -i /scratch/general/lustre/uNID/7322865/input/SRR1795429_1.fastq -o /scratch/general/lustre/uNID/7322865/output/v96_truncated/trimmed_fastq/trimmed_SRR1795429_1.fastq -a CTGTAGGCACCATCAAT -l 18 -q 28 -j /scratch/general/lustre/uNID/7322865/output/v96_truncated/trimmed_fastq/SRR1795429_1fastp.json -h /scratch/general/lustre/uNID/7322865/output/v96_truncated/trimmed_fastq/SRR1795429_1fastp.html
fastp v0.20.0, time used: 107 seconds
Read1 before filtering:
total reads: 38494857
total bases: 1924742850
Q20 bases: 1877054440(97.5223%)
Q30 bases: 1800778487(93.5594%)

Read1 after filtering:
total reads: 37331812
total bases: 1120497152
Q20 bases: 1103330375(98.4679%)
Q30 bases: 1066289124(95.1621%)

Filtering result:
reads passed filter: 37331812
reads failed due to low quality: 850182
reads failed due to too many N: 2390
reads failed due to too short: 310473
reads with adapter trimmed: 37920924
bases trimmed due to adapters: 730955121

Duplication rate (may be overestimated since this is SE data): 8.20052%

JSON report: /scratch/general/lustre/uNID/7322865/output/v96_truncated/trimmed_fastq/SRR1795430_1fastp.json
HTML report: /scratch/general/lustre/uNID/7322865/output/v96_truncated/trimmed_fastq/SRR1795430_1fastp.html

fastp -f 1 --thread 16 -i /scratch/general/lustre/uNID/7322865/input/SRR1795430_1.fastq -o /scratch/general/lustre/uNID/7322865/output/v96_truncated/trimmed_fastq/trimmed_SRR1795430_1.fastq -a CTGTAGGCACCATCAAT -l 18 -q 28 -j /scratch/general/lustre/uNID/7322865/output/v96_truncated/trimmed_fastq/SRR1795430_1fastp.json -h /scratch/general/lustre/uNID/7322865/output/v96_truncated/trimmed_fastq/SRR1795430_1fastp.html
fastp v0.20.0, time used: 146 seconds
Read1 before filtering:
total reads: 31993886
total bases: 1599694300
Q20 bases: 1566212624(97.907%)
Q30 bases: 1504919270(94.0754%)

Read1 after filtering:
total reads: 31014386
total bases: 961778080
Q20 bases: 952141736(98.9981%)
Q30 bases: 924122278(96.0848%)

Filtering result:
reads passed filter: 31014386
reads failed due to low quality: 646873
reads failed due to too many N: 1637
reads failed due to too short: 330990
reads with adapter trimmed: 31588068
bases trimmed due to adapters: 577254853

Duplication rate (may be overestimated since this is SE data): 11.0556%

JSON report: /scratch/general/lustre/uNID/7322865/output/v96_truncated/trimmed_fastq/SRR1795431_1fastp.json
HTML report: /scratch/general/lustre/uNID/7322865/output/v96_truncated/trimmed_fastq/SRR1795431_1fastp.html

fastp -f 1 --thread 16 -i /scratch/general/lustre/uNID/7322865/input/SRR1795431_1.fastq -o /scratch/general/lustre/uNID/7322865/output/v96_truncated/trimmed_fastq/trimmed_SRR1795431_1.fastq -a CTGTAGGCACCATCAAT -l 18 -q 28 -j /scratch/general/lustre/uNID/7322865/output/v96_truncated/trimmed_fastq/SRR1795431_1fastp.json -h /scratch/general/lustre/uNID/7322865/output/v96_truncated/trimmed_fastq/SRR1795431_1fastp.html
fastp v0.20.0, time used: 106 seconds
Read1 before filtering:
total reads: 34451165
total bases: 1722558250
Q20 bases: 1674734239(97.2237%)
Q30 bases: 1597013530(92.7117%)

Read1 after filtering:
total reads: 33136980
total bases: 1031486766
Q20 bases: 1015382338(98.4387%)
Q30 bases: 979851033(94.994%)

Filtering result:
reads passed filter: 33136980
reads failed due to low quality: 939286
reads failed due to too many N: 2203
reads failed due to too short: 372696
reads with adapter trimmed: 33944634
bases trimmed due to adapters: 617040455

Duplication rate (may be overestimated since this is SE data): 8.47343%

JSON report: /scratch/general/lustre/uNID/7322865/output/v96_truncated/trimmed_fastq/SRR1795432_1fastp.json
HTML report: /scratch/general/lustre/uNID/7322865/output/v96_truncated/trimmed_fastq/SRR1795432_1fastp.html

fastp -f 1 --thread 16 -i /scratch/general/lustre/uNID/7322865/input/SRR1795432_1.fastq -o /scratch/general/lustre/uNID/7322865/output/v96_truncated/trimmed_fastq/trimmed_SRR1795432_1.fastq -a CTGTAGGCACCATCAAT -l 18 -q 28 -j /scratch/general/lustre/uNID/7322865/output/v96_truncated/trimmed_fastq/SRR1795432_1fastp.json -h /scratch/general/lustre/uNID/7322865/output/v96_truncated/trimmed_fastq/SRR1795432_1fastp.html
fastp v0.20.0, time used: 116 seconds
Read1 before filtering:
total reads: 42046522
total bases: 2102326100
Q20 bases: 2057649412(97.8749%)
Q30 bases: 1979222533(94.1444%)

Read1 after filtering:
total reads: 41131784
total bases: 1267621530
Q20 bases: 1254757740(98.9852%)
Q30 bases: 1218411402(96.1179%)

Filtering result:
reads passed filter: 41131784
reads failed due to low quality: 874214
reads failed due to too many N: 2024
reads failed due to too short: 38500
reads with adapter trimmed: 41541577
bases trimmed due to adapters: 761118645

Duplication rate (may be overestimated since this is SE data): 7.93989%

JSON report: /scratch/general/lustre/uNID/7322865/output/v96_truncated/trimmed_fastq/SRR1795433_1fastp.json
HTML report: /scratch/general/lustre/uNID/7322865/output/v96_truncated/trimmed_fastq/SRR1795433_1fastp.html

fastp -f 1 --thread 16 -i /scratch/general/lustre/uNID/7322865/input/SRR1795433_1.fastq -o /scratch/general/lustre/uNID/7322865/output/v96_truncated/trimmed_fastq/trimmed_SRR1795433_1.fastq -a CTGTAGGCACCATCAAT -l 18 -q 28 -j /scratch/general/lustre/uNID/7322865/output/v96_truncated/trimmed_fastq/SRR1795433_1fastp.json -h /scratch/general/lustre/uNID/7322865/output/v96_truncated/trimmed_fastq/SRR1795433_1fastp.html
fastp v0.20.0, time used: 121 seconds
Read1 before filtering:
total reads: 53450667
total bases: 2672533350
Q20 bases: 2599395137(97.2633%)
Q30 bases: 2486546991(93.0408%)

Read1 after filtering:
total reads: 51927742
total bases: 1606816554
Q20 bases: 1581075548(98.398%)
Q30 bases: 1525113429(94.9152%)

Filtering result:
reads passed filter: 51927742
reads failed due to low quality: 1447986
reads failed due to too many N: 3438
reads failed due to too short: 71501
reads with adapter trimmed: 52704431
bases trimmed due to adapters: 959612215

Duplication rate (may be overestimated since this is SE data): 7.13788%

JSON report: /scratch/general/lustre/uNID/7322865/output/v96_truncated/trimmed_fastq/SRR1795434_1fastp.json
HTML report: /scratch/general/lustre/uNID/7322865/output/v96_truncated/trimmed_fastq/SRR1795434_1fastp.html

fastp -f 1 --thread 16 -i /scratch/general/lustre/uNID/7322865/input/SRR1795434_1.fastq -o /scratch/general/lustre/uNID/7322865/output/v96_truncated/trimmed_fastq/trimmed_SRR1795434_1.fastq -a CTGTAGGCACCATCAAT -l 18 -q 28 -j /scratch/general/lustre/uNID/7322865/output/v96_truncated/trimmed_fastq/SRR1795434_1fastp.json -h /scratch/general/lustre/uNID/7322865/output/v96_truncated/trimmed_fastq/SRR1795434_1fastp.html
fastp v0.20.0, time used: 185 seconds
Read1 before filtering:
total reads: 26252378
total bases: 1312618900
Q20 bases: 1288908624(98.1937%)
Q30 bases: 1243064902(94.7011%)

Read1 after filtering:
total reads: 25749473
total bases: 758368808
Q20 bases: 751548410(99.1006%)
Q30 bases: 731118093(96.4067%)

Filtering result:
reads passed filter: 25749473
reads failed due to low quality: 428252
reads failed due to too many N: 1189
reads failed due to too short: 73464
reads with adapter trimmed: 25900326
bases trimmed due to adapters: 512228774

Duplication rate (may be overestimated since this is SE data): 7.98574%

JSON report: /scratch/general/lustre/uNID/7322865/output/v96_truncated/trimmed_fastq/SRR1795435_1fastp.json
HTML report: /scratch/general/lustre/uNID/7322865/output/v96_truncated/trimmed_fastq/SRR1795435_1fastp.html

fastp -f 1 --thread 16 -i /scratch/general/lustre/uNID/7322865/input/SRR1795435_1.fastq -o /scratch/general/lustre/uNID/7322865/output/v96_truncated/trimmed_fastq/trimmed_SRR1795435_1.fastq -a CTGTAGGCACCATCAAT -l 18 -q 28 -j /scratch/general/lustre/uNID/7322865/output/v96_truncated/trimmed_fastq/SRR1795435_1fastp.json -h /scratch/general/lustre/uNID/7322865/output/v96_truncated/trimmed_fastq/SRR1795435_1fastp.html
fastp v0.20.0, time used: 106 seconds
Read1 before filtering:
total reads: 40463608
total bases: 2023180400
Q20 bases: 1973505136(97.5447%)
Q30 bases: 1892034699(93.5178%)

Read1 after filtering:
total reads: 39428514
total bases: 1183141056
Q20 bases: 1164950547(98.4625%)
Q30 bases: 1125198823(95.1027%)

Filtering result:
reads passed filter: 39428514
reads failed due to low quality: 941816
reads failed due to too many N: 2484
reads failed due to too short: 90794
reads with adapter trimmed: 39878659
bases trimmed due to adapters: 765620648

Duplication rate (may be overestimated since this is SE data): 7.15769%

JSON report: /scratch/general/lustre/uNID/7322865/output/v96_truncated/trimmed_fastq/SRR1795436_1fastp.json
HTML report: /scratch/general/lustre/uNID/7322865/output/v96_truncated/trimmed_fastq/SRR1795436_1fastp.html

fastp -f 1 --thread 16 -i /scratch/general/lustre/uNID/7322865/input/SRR1795436_1.fastq -o /scratch/general/lustre/uNID/7322865/output/v96_truncated/trimmed_fastq/trimmed_SRR1795436_1.fastq -a CTGTAGGCACCATCAAT -l 18 -q 28 -j /scratch/general/lustre/uNID/7322865/output/v96_truncated/trimmed_fastq/SRR1795436_1fastp.json -h /scratch/general/lustre/uNID/7322865/output/v96_truncated/trimmed_fastq/SRR1795436_1fastp.html
fastp v0.20.0, time used: 129 seconds
Read1 before filtering:
total reads: 45000457
total bases: 2250022850
Q20 bases: 2185272390(97.1222%)
Q30 bases: 2084204114(92.6304%)

Read1 after filtering:
total reads: 43614268
total bases: 1311576714
Q20 bases: 1289275286(98.2996%)
Q30 bases: 1239901681(94.5352%)

Filtering result:
reads passed filter: 43614268
reads failed due to low quality: 1282054
reads failed due to too many N: 2695
reads failed due to too short: 101440
reads with adapter trimmed: 44334976
bases trimmed due to adapters: 846253051

Duplication rate (may be overestimated since this is SE data): 7.32391%

JSON report: /scratch/general/lustre/uNID/7322865/output/v96_truncated/trimmed_fastq/SRR1795438_1fastp.json
HTML report: /scratch/general/lustre/uNID/7322865/output/v96_truncated/trimmed_fastq/SRR1795438_1fastp.html

fastp -f 1 --thread 16 -i /scratch/general/lustre/uNID/7322865/input/SRR1795438_1.fastq -o /scratch/general/lustre/uNID/7322865/output/v96_truncated/trimmed_fastq/trimmed_SRR1795438_1.fastq -a CTGTAGGCACCATCAAT -l 18 -q 28 -j /scratch/general/lustre/uNID/7322865/output/v96_truncated/trimmed_fastq/SRR1795438_1fastp.json -h /scratch/general/lustre/uNID/7322865/output/v96_truncated/trimmed_fastq/SRR1795438_1fastp.html
fastp v0.20.0, time used: 129 seconds
Read1 before filtering:
total reads: 41912080
total bases: 2095604000
Q20 bases: 2054214436(98.0249%)
Q30 bases: 1976450523(94.3141%)

Read1 after filtering:
total reads: 40909746
total bases: 1200183272
Q20 bases: 1188961116(99.065%)
Q30 bases: 1155072997(96.2414%)

Filtering result:
reads passed filter: 40909746
reads failed due to low quality: 768846
reads failed due to too many N: 1783
reads failed due to too short: 231705
reads with adapter trimmed: 41379480
bases trimmed due to adapters: 823317399

Duplication rate (may be overestimated since this is SE data): 8.18422%

JSON report: /scratch/general/lustre/uNID/7322865/output/v96_truncated/trimmed_fastq/SRR1795437_1fastp.json
HTML report: /scratch/general/lustre/uNID/7322865/output/v96_truncated/trimmed_fastq/SRR1795437_1fastp.html

fastp -f 1 --thread 16 -i /scratch/general/lustre/uNID/7322865/input/SRR1795437_1.fastq -o /scratch/general/lustre/uNID/7322865/output/v96_truncated/trimmed_fastq/trimmed_SRR1795437_1.fastq -a CTGTAGGCACCATCAAT -l 18 -q 28 -j /scratch/general/lustre/uNID/7322865/output/v96_truncated/trimmed_fastq/SRR1795437_1fastp.json -h /scratch/general/lustre/uNID/7322865/output/v96_truncated/trimmed_fastq/SRR1795437_1fastp.html
fastp v0.20.0, time used: 135 seconds
Read1 before filtering:
total reads: 49157600
total bases: 2457880000
Q20 bases: 2389591859(97.2217%)
Q30 bases: 2283738133(92.915%)

Read1 after filtering:
total reads: 47149327
total bases: 1437797135
Q20 bases: 1414366788(98.3704%)
Q30 bases: 1362703871(94.7772%)

Filtering result:
reads passed filter: 47149327
reads failed due to low quality: 1355793
reads failed due to too many N: 2859
reads failed due to too short: 649621
reads with adapter trimmed: 48409043
bases trimmed due to adapters: 911886720

Duplication rate (may be overestimated since this is SE data): 8.99168%

JSON report: /scratch/general/lustre/uNID/7322865/output/v96_truncated/trimmed_fastq/SRR1795440_1fastp.json
HTML report: /scratch/general/lustre/uNID/7322865/output/v96_truncated/trimmed_fastq/SRR1795440_1fastp.html

fastp -f 1 --thread 16 -i /scratch/general/lustre/uNID/7322865/input/SRR1795440_1.fastq -o /scratch/general/lustre/uNID/7322865/output/v96_truncated/trimmed_fastq/trimmed_SRR1795440_1.fastq -a CTGTAGGCACCATCAAT -l 18 -q 28 -j /scratch/general/lustre/uNID/7322865/output/v96_truncated/trimmed_fastq/SRR1795440_1fastp.json -h /scratch/general/lustre/uNID/7322865/output/v96_truncated/trimmed_fastq/SRR1795440_1fastp.html
fastp v0.20.0, time used: 149 seconds
Read1 before filtering:
total reads: 61908226
total bases: 3095411300
Q20 bases: 3037043278(98.1144%)
Q30 bases: 2926727785(94.5505%)

Read1 after filtering:
total reads: 59524381
total bases: 1797206734
Q20 bases: 1781191560(99.1089%)
Q30 bases: 1732631373(96.4069%)

Filtering result:
reads passed filter: 59524381
reads failed due to low quality: 1153290
reads failed due to too many N: 2760
reads failed due to too short: 1227795
reads with adapter trimmed: 61133656
bases trimmed due to adapters: 1176099082

Duplication rate (may be overestimated since this is SE data): 11.0833%

JSON report: /scratch/general/lustre/uNID/7322865/output/v96_truncated/trimmed_fastq/SRR1795439_1fastp.json
HTML report: /scratch/general/lustre/uNID/7322865/output/v96_truncated/trimmed_fastq/SRR1795439_1fastp.html

fastp -f 1 --thread 16 -i /scratch/general/lustre/uNID/7322865/input/SRR1795439_1.fastq -o /scratch/general/lustre/uNID/7322865/output/v96_truncated/trimmed_fastq/trimmed_SRR1795439_1.fastq -a CTGTAGGCACCATCAAT -l 18 -q 28 -j /scratch/general/lustre/uNID/7322865/output/v96_truncated/trimmed_fastq/SRR1795439_1fastp.json -h /scratch/general/lustre/uNID/7322865/output/v96_truncated/trimmed_fastq/SRR1795439_1fastp.html
fastp v0.20.0, time used: 184 seconds
Jul 05 10:45:10 ..... started STAR run
Jul 05 10:45:10 ..... loading genome
Jul 05 10:46:12 ..... processing annotations GTF
Jul 05 10:46:31 ..... inserting junctions into the genome indices
Jul 05 10:48:44 ..... started mapping
Jul 05 10:50:35 ..... finished mapping
Jul 05 10:50:41 ..... finished successfully
[bam_sort_core] merging from 0 files and 30 in-memory blocks...
READ 35212065 WRITTEN 35212065
EXCLUDED 12913399 EXAMINED 22298666
PAIRED 0 SINGLE 22298666
DULPICATE PAIR 0 DUPLICATE SINGLE 9206392
DUPLICATE TOTAL 9206392
READ 35212065 WRITTEN 26005673
EXCLUDED 12913399 EXAMINED 22298666
PAIRED 0 SINGLE 22298666
DULPICATE PAIR 0 DUPLICATE SINGLE 9206392
DUPLICATE TOTAL 9206392
Jul 05 10:55:50 ..... started STAR run
Jul 05 10:55:50 ..... loading genome
Jul 05 10:56:41 ..... processing annotations GTF
Jul 05 10:57:02 ..... inserting junctions into the genome indices
Jul 05 10:59:08 ..... started mapping
Jul 05 11:01:16 ..... finished mapping
Jul 05 11:01:21 ..... finished successfully
[bam_sort_core] merging from 0 files and 30 in-memory blocks...
READ 40727508 WRITTEN 40727508
EXCLUDED 14772320 EXAMINED 25955188
PAIRED 0 SINGLE 25955188
DULPICATE PAIR 0 DUPLICATE SINGLE 10908635
DUPLICATE TOTAL 10908635
READ 40727508 WRITTEN 29818873
EXCLUDED 14772320 EXAMINED 25955188
PAIRED 0 SINGLE 25955188
DULPICATE PAIR 0 DUPLICATE SINGLE 10908635
DUPLICATE TOTAL 10908635
Jul 05 11:07:53 ..... started STAR run
Jul 05 11:07:53 ..... loading genome
Jul 05 11:08:47 ..... processing annotations GTF
Jul 05 11:09:06 ..... inserting junctions into the genome indices
Jul 05 11:11:16 ..... started mapping
Jul 05 11:13:16 ..... finished mapping
Jul 05 11:13:22 ..... finished successfully
[bam_sort_core] merging from 0 files and 30 in-memory blocks...
READ 37483438 WRITTEN 37483438
EXCLUDED 13689890 EXAMINED 23793548
PAIRED 0 SINGLE 23793548
DULPICATE PAIR 0 DUPLICATE SINGLE 10359333
DUPLICATE TOTAL 10359333
READ 37483438 WRITTEN 27124105
EXCLUDED 13689890 EXAMINED 23793548
PAIRED 0 SINGLE 23793548
DULPICATE PAIR 0 DUPLICATE SINGLE 10359333
DUPLICATE TOTAL 10359333
Jul 05 11:19:20 ..... started STAR run
Jul 05 11:19:20 ..... loading genome
Jul 05 11:20:11 ..... processing annotations GTF
Jul 05 11:20:32 ..... inserting junctions into the genome indices
Jul 05 11:22:23 ..... started mapping
Jul 05 11:24:04 ..... finished mapping
Jul 05 11:24:09 ..... finished successfully
[bam_sort_core] merging from 0 files and 30 in-memory blocks...
READ 31306525 WRITTEN 31306525
EXCLUDED 11244463 EXAMINED 20062062
PAIRED 0 SINGLE 20062062
DULPICATE PAIR 0 DUPLICATE SINGLE 8230185
DUPLICATE TOTAL 8230185
READ 31306525 WRITTEN 23076340
EXCLUDED 11244463 EXAMINED 20062062
PAIRED 0 SINGLE 20062062
DULPICATE PAIR 0 DUPLICATE SINGLE 8230185
DUPLICATE TOTAL 8230185
Jul 05 11:29:00 ..... started STAR run
Jul 05 11:29:00 ..... loading genome
Jul 05 11:29:50 ..... processing annotations GTF
Jul 05 11:30:12 ..... inserting junctions into the genome indices
Jul 05 11:32:21 ..... started mapping
Jul 05 11:34:11 ..... finished mapping
Jul 05 11:34:16 ..... finished successfully
[bam_sort_core] merging from 0 files and 30 in-memory blocks...
READ 34001504 WRITTEN 34001504
EXCLUDED 11377021 EXAMINED 22624483
PAIRED 0 SINGLE 22624483
DULPICATE PAIR 0 DUPLICATE SINGLE 9792607
DUPLICATE TOTAL 9792607
READ 34001504 WRITTEN 24208897
EXCLUDED 11377021 EXAMINED 22624483
PAIRED 0 SINGLE 22624483
DULPICATE PAIR 0 DUPLICATE SINGLE 9792607
DUPLICATE TOTAL 9792607
Jul 05 11:39:36 ..... started STAR run
Jul 05 11:39:36 ..... loading genome
Jul 05 11:40:29 ..... processing annotations GTF
Jul 05 11:40:50 ..... inserting junctions into the genome indices
Jul 05 11:43:02 ..... started mapping
Jul 05 11:44:29 ..... finished mapping
Jul 05 11:44:34 ..... finished successfully
[bam_sort_core] merging from 0 files and 30 in-memory blocks...
READ 25389898 WRITTEN 25389898
EXCLUDED 8400646 EXAMINED 16989252
PAIRED 0 SINGLE 16989252
DULPICATE PAIR 0 DUPLICATE SINGLE 6745091
DUPLICATE TOTAL 6745091
READ 25389898 WRITTEN 18644807
EXCLUDED 8400646 EXAMINED 16989252
PAIRED 0 SINGLE 16989252
DULPICATE PAIR 0 DUPLICATE SINGLE 6745091
DUPLICATE TOTAL 6745091
Jul 05 11:48:34 ..... started STAR run
Jul 05 11:48:34 ..... loading genome
Jul 05 11:49:26 ..... processing annotations GTF
Jul 05 11:49:47 ..... inserting junctions into the genome indices
Jul 05 11:51:41 ..... started mapping
Jul 05 11:53:18 ..... finished mapping
Jul 05 11:53:23 ..... finished successfully
[bam_sort_core] merging from 0 files and 30 in-memory blocks...
READ 28457792 WRITTEN 28457792
EXCLUDED 8981518 EXAMINED 19476274
PAIRED 0 SINGLE 19476274
DULPICATE PAIR 0 DUPLICATE SINGLE 6995147
DUPLICATE TOTAL 6995147
READ 28457792 WRITTEN 21462645
EXCLUDED 8981518 EXAMINED 19476274
PAIRED 0 SINGLE 19476274
DULPICATE PAIR 0 DUPLICATE SINGLE 6995147
DUPLICATE TOTAL 6995147
Jul 05 11:57:56 ..... started STAR run
Jul 05 11:57:56 ..... loading genome
Jul 05 11:58:50 ..... processing annotations GTF
Jul 05 11:59:11 ..... inserting junctions into the genome indices
Jul 05 12:01:21 ..... started mapping
Jul 05 12:02:43 ..... finished mapping
Jul 05 12:02:48 ..... finished successfully
[bam_sort_core] merging from 0 files and 30 in-memory blocks...
READ 22203546 WRITTEN 22203546
EXCLUDED 6907379 EXAMINED 15296167
PAIRED 0 SINGLE 15296167
DULPICATE PAIR 0 DUPLICATE SINGLE 5025468
DUPLICATE TOTAL 5025468
READ 22203546 WRITTEN 17178078
EXCLUDED 6907379 EXAMINED 15296167
PAIRED 0 SINGLE 15296167
DULPICATE PAIR 0 DUPLICATE SINGLE 5025468
DUPLICATE TOTAL 5025468
Jul 05 12:06:29 ..... started STAR run
Jul 05 12:06:29 ..... loading genome
Jul 05 12:07:22 ..... processing annotations GTF
Jul 05 12:07:43 ..... inserting junctions into the genome indices
Jul 05 12:09:50 ..... started mapping
Jul 05 12:11:07 ..... finished mapping
Jul 05 12:11:11 ..... finished successfully
[bam_sort_core] merging from 0 files and 30 in-memory blocks...
READ 22196821 WRITTEN 22196821
EXCLUDED 7707058 EXAMINED 14489763
PAIRED 0 SINGLE 14489763
DULPICATE PAIR 0 DUPLICATE SINGLE 6225629
DUPLICATE TOTAL 6225629
READ 22196821 WRITTEN 15971192
EXCLUDED 7707058 EXAMINED 14489763
PAIRED 0 SINGLE 14489763
DULPICATE PAIR 0 DUPLICATE SINGLE 6225629
DUPLICATE TOTAL 6225629
Jul 05 12:14:26 ..... started STAR run
Jul 05 12:14:26 ..... loading genome
Jul 05 12:15:32 ..... processing annotations GTF
Jul 05 12:15:51 ..... inserting junctions into the genome indices
Jul 05 12:17:59 ..... started mapping
Jul 05 12:19:17 ..... finished mapping
Jul 05 12:19:22 ..... finished successfully
[bam_sort_core] merging from 0 files and 30 in-memory blocks...
READ 21901853 WRITTEN 21901853
EXCLUDED 7519300 EXAMINED 14382553
PAIRED 0 SINGLE 14382553
DULPICATE PAIR 0 DUPLICATE SINGLE 6055511
DUPLICATE TOTAL 6055511
READ 21901853 WRITTEN 15846342
EXCLUDED 7519300 EXAMINED 14382553
PAIRED 0 SINGLE 14382553
DULPICATE PAIR 0 DUPLICATE SINGLE 6055511
DUPLICATE TOTAL 6055511
Jul 05 12:22:47 ..... started STAR run
Jul 05 12:22:47 ..... loading genome
Jul 05 12:23:42 ..... processing annotations GTF
Jul 05 12:24:03 ..... inserting junctions into the genome indices
Jul 05 12:26:17 ..... started mapping
Jul 05 12:27:57 ..... finished mapping
Jul 05 12:28:02 ..... finished successfully
[bam_sort_core] merging from 0 files and 30 in-memory blocks...
READ 30962320 WRITTEN 30962320
EXCLUDED 10646456 EXAMINED 20315864
PAIRED 0 SINGLE 20315864
DULPICATE PAIR 0 DUPLICATE SINGLE 9156004
DUPLICATE TOTAL 9156004
READ 30962320 WRITTEN 21806316
EXCLUDED 10646456 EXAMINED 20315864
PAIRED 0 SINGLE 20315864
DULPICATE PAIR 0 DUPLICATE SINGLE 9156004
DUPLICATE TOTAL 9156004
Jul 05 12:32:44 ..... started STAR run
Jul 05 12:32:44 ..... loading genome
Jul 05 12:33:55 ..... processing annotations GTF
Jul 05 12:34:14 ..... inserting junctions into the genome indices
Jul 05 12:36:22 ..... started mapping
Jul 05 12:37:52 ..... finished mapping
Jul 05 12:37:56 ..... finished successfully
[bam_sort_core] merging from 0 files and 30 in-memory blocks...
READ 25246799 WRITTEN 25246799
EXCLUDED 8658285 EXAMINED 16588514
PAIRED 0 SINGLE 16588514
DULPICATE PAIR 0 DUPLICATE SINGLE 7052834
DUPLICATE TOTAL 7052834
READ 25246799 WRITTEN 18193965
EXCLUDED 8658285 EXAMINED 16588514
PAIRED 0 SINGLE 16588514
DULPICATE PAIR 0 DUPLICATE SINGLE 7052834
DUPLICATE TOTAL 7052834
Jul 05 12:41:51 ..... started STAR run
Jul 05 12:41:51 ..... loading genome
Jul 05 12:42:52 ..... processing annotations GTF
Jul 05 12:43:13 ..... inserting junctions into the genome indices
Jul 05 12:45:18 ..... started mapping
Jul 05 12:48:15 ..... finished mapping
Jul 05 12:48:21 ..... finished successfully
[bam_sort_core] merging from 0 files and 30 in-memory blocks...
READ 60252115 WRITTEN 60252115
EXCLUDED 21512333 EXAMINED 38739782
PAIRED 0 SINGLE 38739782
DULPICATE PAIR 0 DUPLICATE SINGLE 20682225
DUPLICATE TOTAL 20682225
READ 60252115 WRITTEN 39569890
EXCLUDED 21512333 EXAMINED 38739782
PAIRED 0 SINGLE 38739782
DULPICATE PAIR 0 DUPLICATE SINGLE 20682225
DUPLICATE TOTAL 20682225
Jul 05 12:57:02 ..... started STAR run
Jul 05 12:57:02 ..... loading genome
Jul 05 12:57:58 ..... processing annotations GTF
Jul 05 12:58:17 ..... inserting junctions into the genome indices
Jul 05 13:00:16 ..... started mapping
Jul 05 13:01:48 ..... finished mapping
Jul 05 13:01:53 ..... finished successfully
[bam_sort_core] merging from 0 files and 30 in-memory blocks...
READ 27520647 WRITTEN 27520647
EXCLUDED 9732035 EXAMINED 17788612
PAIRED 0 SINGLE 17788612
DULPICATE PAIR 0 DUPLICATE SINGLE 7967658
DUPLICATE TOTAL 7967658
READ 27520647 WRITTEN 19552989
EXCLUDED 9732035 EXAMINED 17788612
PAIRED 0 SINGLE 17788612
DULPICATE PAIR 0 DUPLICATE SINGLE 7967658
DUPLICATE TOTAL 7967658
Jul 05 13:05:58 ..... started STAR run
Jul 05 13:05:58 ..... loading genome
Jul 05 13:06:56 ..... processing annotations GTF
Jul 05 13:07:16 ..... inserting junctions into the genome indices
Jul 05 13:09:14 ..... started mapping
Jul 05 13:10:51 ..... finished mapping
Jul 05 13:10:55 ..... finished successfully
[bam_sort_core] merging from 0 files and 30 in-memory blocks...
READ 31073033 WRITTEN 31073033
EXCLUDED 11448904 EXAMINED 19624129
PAIRED 0 SINGLE 19624129
DULPICATE PAIR 0 DUPLICATE SINGLE 8855598
DUPLICATE TOTAL 8855598
READ 31073033 WRITTEN 22217435
EXCLUDED 11448904 EXAMINED 19624129
PAIRED 0 SINGLE 19624129
DULPICATE PAIR 0 DUPLICATE SINGLE 8855598
DUPLICATE TOTAL 8855598
Jul 05 13:15:05 ..... started STAR run
Jul 05 13:15:05 ..... loading genome
Jul 05 13:16:06 ..... processing annotations GTF
Jul 05 13:16:26 ..... inserting junctions into the genome indices
Jul 05 13:18:36 ..... started mapping
Jul 05 13:23:43 ..... finished mapping
Jul 05 13:23:49 ..... finished successfully
[bam_sort_core] merging from 0 files and 30 in-memory blocks...
READ 108330269 WRITTEN 108330269
EXCLUDED 39236435 EXAMINED 69093834
PAIRED 0 SINGLE 69093834
DULPICATE PAIR 0 DUPLICATE SINGLE 39403728
DUPLICATE TOTAL 39403728
READ 108330269 WRITTEN 68926541
EXCLUDED 39236435 EXAMINED 69093834
PAIRED 0 SINGLE 69093834
DULPICATE PAIR 0 DUPLICATE SINGLE 39403728
DUPLICATE TOTAL 39403728
Jul 05 13:40:18 ..... started STAR run
Jul 05 13:40:18 ..... loading genome
Jul 05 13:41:24 ..... processing annotations GTF
Jul 05 13:41:44 ..... inserting junctions into the genome indices
Jul 05 13:43:49 ..... started mapping
Jul 05 13:49:16 ..... finished mapping
Jul 05 13:49:20 ..... finished successfully
[bam_sort_core] merging from 30 files and 30 in-memory blocks...
READ 265750578 WRITTEN 265750578
EXCLUDED 200518652 EXAMINED 65231926
PAIRED 0 SINGLE 65231926
DULPICATE PAIR 0 DUPLICATE SINGLE 61668272
DUPLICATE TOTAL 61668272
READ 265750578 WRITTEN 204082306
EXCLUDED 200518652 EXAMINED 65231926
PAIRED 0 SINGLE 65231926
DULPICATE PAIR 0 DUPLICATE SINGLE 61668272
DUPLICATE TOTAL 61668272
Jul 05 14:16:40 ..... started STAR run
Jul 05 14:16:40 ..... loading genome
Jul 05 14:18:03 ..... processing annotations GTF
Jul 05 14:18:24 ..... inserting junctions into the genome indices
Jul 05 14:20:31 ..... started mapping
Jul 05 14:24:27 ..... finished mapping
Jul 05 14:24:31 ..... finished successfully
[bam_sort_core] merging from 30 files and 30 in-memory blocks...
READ 187430332 WRITTEN 187430332
EXCLUDED 141524295 EXAMINED 45906037
PAIRED 0 SINGLE 45906037
DULPICATE PAIR 0 DUPLICATE SINGLE 43299471
DUPLICATE TOTAL 43299471
READ 187430332 WRITTEN 144130861
EXCLUDED 141524295 EXAMINED 45906037
PAIRED 0 SINGLE 45906037
DULPICATE PAIR 0 DUPLICATE SINGLE 43299471
DUPLICATE TOTAL 43299471
Jul 05 14:44:13 ..... started STAR run
Jul 05 14:44:13 ..... loading genome
Jul 05 14:45:10 ..... processing annotations GTF
Jul 05 14:45:30 ..... inserting junctions into the genome indices
Jul 05 14:47:36 ..... started mapping
Jul 05 14:51:46 ..... finished mapping
Jul 05 14:51:50 ..... finished successfully
[bam_sort_core] merging from 30 files and 30 in-memory blocks...
READ 169253357 WRITTEN 169253357
EXCLUDED 123683994 EXAMINED 45569363
PAIRED 0 SINGLE 45569363
DULPICATE PAIR 0 DUPLICATE SINGLE 41372901
DUPLICATE TOTAL 41372901
READ 169253357 WRITTEN 127880456
EXCLUDED 123683994 EXAMINED 45569363
PAIRED 0 SINGLE 45569363
DULPICATE PAIR 0 DUPLICATE SINGLE 41372901
DUPLICATE TOTAL 41372901
Jul 05 15:10:58 ..... started STAR run
Jul 05 15:10:58 ..... loading genome
Jul 05 15:11:53 ..... processing annotations GTF
Jul 05 15:12:14 ..... inserting junctions into the genome indices
Jul 05 15:14:05 ..... started mapping
Jul 05 15:19:03 ..... finished mapping
Jul 05 15:19:08 ..... finished successfully
[bam_sort_core] merging from 30 files and 30 in-memory blocks...
READ 235343275 WRITTEN 235343275
EXCLUDED 177049852 EXAMINED 58293423
PAIRED 0 SINGLE 58293423
DULPICATE PAIR 0 DUPLICATE SINGLE 55323119
DUPLICATE TOTAL 55323119
READ 235343275 WRITTEN 180020156
EXCLUDED 177049852 EXAMINED 58293423
PAIRED 0 SINGLE 58293423
DULPICATE PAIR 0 DUPLICATE SINGLE 55323119
DUPLICATE TOTAL 55323119
Jul 05 15:44:56 ..... started STAR run
Jul 05 15:44:56 ..... loading genome
Jul 05 15:46:27 ..... processing annotations GTF
Jul 05 15:46:48 ..... inserting junctions into the genome indices
Jul 05 15:48:43 ..... started mapping
Jul 05 15:52:02 ..... finished mapping
Jul 05 15:52:06 ..... finished successfully
[bam_sort_core] merging from 0 files and 30 in-memory blocks...
READ 147837008 WRITTEN 147837008
EXCLUDED 113431422 EXAMINED 34405586
PAIRED 0 SINGLE 34405586
DULPICATE PAIR 0 DUPLICATE SINGLE 32446491
DUPLICATE TOTAL 32446491
READ 147837008 WRITTEN 115390517
EXCLUDED 113431422 EXAMINED 34405586
PAIRED 0 SINGLE 34405586
DULPICATE PAIR 0 DUPLICATE SINGLE 32446491
DUPLICATE TOTAL 32446491
Jul 05 16:08:33 ..... started STAR run
Jul 05 16:08:33 ..... loading genome
Jul 05 16:09:29 ..... processing annotations GTF
Jul 05 16:09:50 ..... inserting junctions into the genome indices
Jul 05 16:11:57 ..... started mapping
Jul 05 16:15:33 ..... finished mapping
Jul 05 16:15:37 ..... finished successfully
[bam_sort_core] merging from 30 files and 30 in-memory blocks...
READ 158755883 WRITTEN 158755883
EXCLUDED 121608777 EXAMINED 37147106
PAIRED 0 SINGLE 37147106
DULPICATE PAIR 0 DUPLICATE SINGLE 35253577
DUPLICATE TOTAL 35253577
READ 158755883 WRITTEN 123502306
EXCLUDED 121608777 EXAMINED 37147106
PAIRED 0 SINGLE 37147106
DULPICATE PAIR 0 DUPLICATE SINGLE 35253577
DUPLICATE TOTAL 35253577
Jul 05 16:32:32 ..... started STAR run
Jul 05 16:32:32 ..... loading genome
Jul 05 16:33:34 ..... processing annotations GTF
Jul 05 16:33:55 ..... inserting junctions into the genome indices
Jul 05 16:35:51 ..... started mapping
Jul 05 16:38:51 ..... finished mapping
Jul 05 16:38:56 ..... finished successfully
[bam_sort_core] merging from 0 files and 30 in-memory blocks...
READ 123925451 WRITTEN 123925451
EXCLUDED 93130959 EXAMINED 30794492
PAIRED 0 SINGLE 30794492
DULPICATE PAIR 0 DUPLICATE SINGLE 28229908
DUPLICATE TOTAL 28229908
READ 123925451 WRITTEN 95695543
EXCLUDED 93130959 EXAMINED 30794492
PAIRED 0 SINGLE 30794492
DULPICATE PAIR 0 DUPLICATE SINGLE 28229908
DUPLICATE TOTAL 28229908
Jul 05 16:52:13 ..... started STAR run
Jul 05 16:52:13 ..... loading genome
Jul 05 16:53:11 ..... processing annotations GTF
Jul 05 16:53:33 ..... inserting junctions into the genome indices
Jul 05 16:55:37 ..... started mapping
Jul 05 16:58:38 ..... finished mapping
Jul 05 16:58:42 ..... finished successfully
[bam_sort_core] merging from 0 files and 30 in-memory blocks...
READ 135401216 WRITTEN 135401216
EXCLUDED 102413408 EXAMINED 32987808
PAIRED 0 SINGLE 32987808
DULPICATE PAIR 0 DUPLICATE SINGLE 31168387
DUPLICATE TOTAL 31168387
READ 135401216 WRITTEN 104232829
EXCLUDED 102413408 EXAMINED 32987808
PAIRED 0 SINGLE 32987808
DULPICATE PAIR 0 DUPLICATE SINGLE 31168387
DUPLICATE TOTAL 31168387
Jul 05 17:13:56 ..... started STAR run
Jul 05 17:13:56 ..... loading genome
Jul 05 17:15:00 ..... processing annotations GTF
Jul 05 17:15:21 ..... inserting junctions into the genome indices
Jul 05 17:17:12 ..... started mapping
Jul 05 17:21:08 ..... finished mapping
Jul 05 17:21:12 ..... finished successfully
[bam_sort_core] merging from 30 files and 30 in-memory blocks...
READ 170881906 WRITTEN 170881906
EXCLUDED 129990038 EXAMINED 40891868
PAIRED 0 SINGLE 40891868
DULPICATE PAIR 0 DUPLICATE SINGLE 38424646
DUPLICATE TOTAL 38424646
READ 170881906 WRITTEN 132457260
EXCLUDED 129990038 EXAMINED 40891868
PAIRED 0 SINGLE 40891868
DULPICATE PAIR 0 DUPLICATE SINGLE 38424646
DUPLICATE TOTAL 38424646
Jul 05 17:39:53 ..... started STAR run
Jul 05 17:39:53 ..... loading genome
Jul 05 17:40:49 ..... processing annotations GTF
Jul 05 17:41:11 ..... inserting junctions into the genome indices
Jul 05 17:43:21 ..... started mapping
Jul 05 17:48:01 ..... finished mapping
Jul 05 17:48:05 ..... finished successfully
[bam_sort_core] merging from 30 files and 30 in-memory blocks...
READ 216115617 WRITTEN 216115617
EXCLUDED 164402281 EXAMINED 51713336
PAIRED 0 SINGLE 51713336
DULPICATE PAIR 0 DUPLICATE SINGLE 49534789
DUPLICATE TOTAL 49534789
READ 216115617 WRITTEN 166580828
EXCLUDED 164402281 EXAMINED 51713336
PAIRED 0 SINGLE 51713336
DULPICATE PAIR 0 DUPLICATE SINGLE 49534789
DUPLICATE TOTAL 49534789
Jul 05 18:12:30 ..... started STAR run
Jul 05 18:12:30 ..... loading genome
Jul 05 18:13:37 ..... processing annotations GTF
Jul 05 18:13:57 ..... inserting junctions into the genome indices
Jul 05 18:16:00 ..... started mapping
Jul 05 18:18:43 ..... finished mapping
Jul 05 18:18:47 ..... finished successfully
[bam_sort_core] merging from 0 files and 30 in-memory blocks...
READ 110431845 WRITTEN 110431845
EXCLUDED 84957571 EXAMINED 25474274
PAIRED 0 SINGLE 25474274
DULPICATE PAIR 0 DUPLICATE SINGLE 23741061
DUPLICATE TOTAL 23741061
READ 110431845 WRITTEN 86690784
EXCLUDED 84957571 EXAMINED 25474274
PAIRED 0 SINGLE 25474274
DULPICATE PAIR 0 DUPLICATE SINGLE 23741061
DUPLICATE TOTAL 23741061
Jul 05 18:30:54 ..... started STAR run
Jul 05 18:30:54 ..... loading genome
Jul 05 18:31:46 ..... processing annotations GTF
Jul 05 18:32:07 ..... inserting junctions into the genome indices
Jul 05 18:34:12 ..... started mapping
Jul 05 18:37:55 ..... finished mapping
Jul 05 18:37:59 ..... finished successfully
[bam_sort_core] merging from 30 files and 30 in-memory blocks...
READ 170384338 WRITTEN 170384338
EXCLUDED 131188224 EXAMINED 39196114
PAIRED 0 SINGLE 39196114
DULPICATE PAIR 0 DUPLICATE SINGLE 37652061
DUPLICATE TOTAL 37652061
READ 170384338 WRITTEN 132732277
EXCLUDED 131188224 EXAMINED 39196114
PAIRED 0 SINGLE 39196114
DULPICATE PAIR 0 DUPLICATE SINGLE 37652061
DUPLICATE TOTAL 37652061
Jul 05 18:56:50 ..... started STAR run
Jul 05 18:56:50 ..... loading genome
Jul 05 18:58:15 ..... processing annotations GTF
Jul 05 18:58:36 ..... inserting junctions into the genome indices
Jul 05 19:00:32 ..... started mapping
Jul 05 19:04:31 ..... finished mapping
Jul 05 19:04:36 ..... finished successfully
[bam_sort_core] merging from 30 files and 30 in-memory blocks...
READ 170197099 WRITTEN 170197099
EXCLUDED 129690383 EXAMINED 40506716
PAIRED 0 SINGLE 40506716
DULPICATE PAIR 0 DUPLICATE SINGLE 37317429
DUPLICATE TOTAL 37317429
READ 170197099 WRITTEN 132879670
EXCLUDED 129690383 EXAMINED 40506716
PAIRED 0 SINGLE 40506716
DULPICATE PAIR 0 DUPLICATE SINGLE 37317429
DUPLICATE TOTAL 37317429
Jul 05 19:23:22 ..... started STAR run
Jul 05 19:23:22 ..... loading genome
Jul 05 19:24:33 ..... processing annotations GTF
Jul 05 19:24:54 ..... inserting junctions into the genome indices
Jul 05 19:26:56 ..... started mapping
Jul 05 19:31:01 ..... finished mapping
Jul 05 19:31:05 ..... finished successfully
[bam_sort_core] merging from 30 files and 30 in-memory blocks...
READ 179182921 WRITTEN 179182921
EXCLUDED 135869833 EXAMINED 43313088
PAIRED 0 SINGLE 43313088
DULPICATE PAIR 0 DUPLICATE SINGLE 40471019
DUPLICATE TOTAL 40471019
READ 179182921 WRITTEN 138711902
EXCLUDED 135869833 EXAMINED 43313088
PAIRED 0 SINGLE 43313088
DULPICATE PAIR 0 DUPLICATE SINGLE 40471019
DUPLICATE TOTAL 40471019
Jul 05 19:51:21 ..... started STAR run
Jul 05 19:51:21 ..... loading genome
Jul 05 19:52:31 ..... processing annotations GTF
Jul 05 19:52:53 ..... inserting junctions into the genome indices
Jul 05 19:54:59 ..... started mapping
Jul 05 20:00:26 ..... finished mapping
Jul 05 20:00:31 ..... finished successfully
[bam_sort_core] merging from 30 files and 30 in-memory blocks...
READ 248492028 WRITTEN 248492028
EXCLUDED 189320178 EXAMINED 59171850
PAIRED 0 SINGLE 59171850
DULPICATE PAIR 0 DUPLICATE SINGLE 55801507
DUPLICATE TOTAL 55801507
READ 248492028 WRITTEN 192690521
EXCLUDED 189320178 EXAMINED 59171850
PAIRED 0 SINGLE 59171850
DULPICATE PAIR 0 DUPLICATE SINGLE 55801507
DUPLICATE TOTAL 55801507
Jul 05 20:27:59 ..... started STAR run
Jul 05 20:27:59 ..... loading genome
Jul 05 20:29:02 ..... processing annotations GTF
Jul 05 20:29:23 ..... inserting junctions into the genome indices
Jul 05 20:31:31 ..... started mapping
Jul 05 20:35:53 ..... finished mapping
Jul 05 20:35:57 ..... finished successfully
[bam_sort_core] merging from 30 files and 30 in-memory blocks...
READ 196057839 WRITTEN 196057839
EXCLUDED 149141472 EXAMINED 46916367
PAIRED 0 SINGLE 46916367
DULPICATE PAIR 0 DUPLICATE SINGLE 44268647
DUPLICATE TOTAL 44268647
READ 196057839 WRITTEN 151789192
EXCLUDED 149141472 EXAMINED 46916367
PAIRED 0 SINGLE 46916367
DULPICATE PAIR 0 DUPLICATE SINGLE 44268647
DUPLICATE TOTAL 44268647
/uufs/chpc.utah.edu/common/home/uNID/miniconda3/lib/python3.7/site-packages/multiqc/utils/config.py:45: YAMLLoadWarning: calling yaml.load() without Loader=... is deprecated, as the default Loader is unsafe. Please read https://msg.pyyaml.org/load for full details.
  configs = yaml.load(f)
/uufs/chpc.utah.edu/common/home/uNID/miniconda3/lib/python3.7/site-packages/multiqc/utils/config.py:51: YAMLLoadWarning: calling yaml.load() without Loader=... is deprecated, as the default Loader is unsafe. Please read https://msg.pyyaml.org/load for full details.
  sp = yaml.load(f)
[INFO   ]         multiqc : This is MultiQC v1.7
[INFO   ]         multiqc : Template    : default
[INFO   ]         multiqc : Report title: isrib_comp_v96_truncated
[INFO   ]         multiqc : Searching '/scratch/general/lustre/uNID/7322865/output/v96_truncated/'
[INFO   ]           htseq : Found 32 reports
[INFO   ]            star : Found 32 reports
[INFO   ]           fastp : Found 32 reports
[INFO   ]          fastqc : Found 32 reports
[INFO   ]         multiqc : Compressing plot data
[INFO   ]         multiqc : Report      : output/v96_truncated/isrib_comp_v96_truncated_multiqc_report.html
[INFO   ]         multiqc : Data        : output/v96_truncated/isrib_comp_v96_truncated_multiqc_report_data
[INFO   ]         multiqc : MultiQC complete
[1] "Rsubread package already installed"
[1] "dupRadar package already installed"
[1] "Rsubread package already installed"
[1] "dupRadar package already installed"
[1] "Rsubread package already installed"
[1] "dupRadar package already installed"
[1] "Rsubread package already installed"
[1] "dupRadar package already installed"
[1] "Rsubread package already installed"
[1] "dupRadar package already installed"
[1] "Rsubread package already installed"
[1] "dupRadar package already installed"
[1] "Rsubread package already installed"
[1] "dupRadar package already installed"
[1] "Rsubread package already installed"
[1] "dupRadar package already installed"
[1] "Rsubread package already installed"
[1] "dupRadar package already installed"
[1] "Rsubread package already installed"
[1] "dupRadar package already installed"
[1] "Rsubread package already installed"
[1] "dupRadar package already installed"
[1] "Rsubread package already installed"
[1] "dupRadar package already installed"
[1] "Rsubread package already installed"
[1] "dupRadar package already installed"
[1] "Rsubread package already installed"
[1] "dupRadar package already installed"
[1] "Rsubread package already installed"
[1] "dupRadar package already installed"
[1] "Rsubread package already installed"
[1] "dupRadar package already installed"
[1] "Rsubread package already installed"
[1] "dupRadar package already installed"
[1] "Rsubread package already installed"
[1] "dupRadar package already installed"
[1] "Rsubread package already installed"
[1] "dupRadar package already installed"
[1] "Rsubread package already installed"
[1] "dupRadar package already installed"
[1] "Rsubread package already installed"
[1] "dupRadar package already installed"
[1] "Rsubread package already installed"
[1] "dupRadar package already installed"
[1] "Rsubread package already installed"
[1] "dupRadar package already installed"
[1] "Rsubread package already installed"
[1] "dupRadar package already installed"
[1] "Rsubread package already installed"
[1] "dupRadar package already installed"
[1] "Rsubread package already installed"
[1] "dupRadar package already installed"
[1] "Rsubread package already installed"
[1] "dupRadar package already installed"
[1] "Rsubread package already installed"
[1] "dupRadar package already installed"
[1] "Rsubread package already installed"
[1] "dupRadar package already installed"
[1] "Rsubread package already installed"
[1] "dupRadar package already installed"
[1] "Rsubread package already installed"
[1] "dupRadar package already installed"
[1] "Rsubread package already installed"
[1] "dupRadar package already installed"
