You are using the current version of XPRESSpipe...
======================
User commands summary:
======================
XPRESSpipe version: 0.1.4-beta
cmd: geneCoverage
input: /Users/jordan/Desktop/transcriptome_isrib/transcriptome_bams/merge/
output: /Users/jordan/Desktop/transcriptome_isrib/transcriptome_bams/merge/
gtf: /Users/jordan/Desktop/reference/Homo_sapiens.GRCh38.96_LC.gtf
gene_name: SLC1A1
experiment: geneCoverage_2019_7_15_2h_2m_8s
bam_suffix: trans.bam
samples: ['SRR1795425.trans.bam', 'SRR1795427.trans.bam', 'SRR1795433.trans.bam', 'SRR1795435.trans.bam', 'SRR1795437.trans.bam', 'SRR1795439.trans.bam', 'SRR1795429.trans.bam', 'SRR1795431.trans.bam']
sample_names: ['RPF_Untr_A', 'RPF_Untr_B', 'RPF_Tm_A', 'RPF_Tm_B', 'RPF_TmISRIB_A', 'RPF_TmISRIB_B', 'RPF_ISRIB_A', 'RPF_ISRIB_B']
plot_color: red
max_processors: None
path: /Users/jordan/scripts/XPRESSyourself/XPRESSpipe/xpresspipe/
log_loc: /Users/jordan/Desktop/transcriptome_isrib/transcriptome_bams/merge/
log:  >> /Users/jordan/Desktop/transcriptome_isrib/transcriptome_bams/merge/geneCoverage_2019_7_15_2h_2m_8s.log 2>&1
log_file: /Users/jordan/Desktop/transcriptome_isrib/transcriptome_bams/merge/geneCoverage_2019_7_15_2h_2m_8s.log
=====================
End commands summary
=====================

[1] "data.table package already installed"
[1] "data.table package already installed"
[1] "data.table package already installed"
[1] "data.table package already installed"
[1] "data.table package already installed"[1]
[1] "data.table package already installed"
 "data.table package already installed"
[1] "data.table package already installed"
[1] "GenomicAlignments package already installed"
[1] "GenomicAlignments package already installed"
Loading required package: BiocGenerics
[1] "GenomicAlignments package already installed"
[1] "GenomicAlignments package already installed"
[1] "GenomicAlignments package already installed"
[1] "GenomicAlignments package already installed"
[1] "GenomicAlignments package already installed"
Loading required package: BiocGenerics
[1] "GenomicAlignments package already installed"
Loading required package: BiocGenerics
Loading required package: BiocGenerics
Loading required package: BiocGenerics
Loading required package: BiocGenerics
Loading required package: parallel
Loading required package: BiocGenerics
Loading required package: BiocGenerics
Loading required package: parallel
Loading required package: parallel
Loading required package: parallel
Loading required package: parallel
Loading required package: parallel
Loading required package: parallel
Loading required package: parallel

Attaching package: ‘BiocGenerics’

The following objects are masked from ‘package:parallel’:

    clusterApply, clusterApplyLB, clusterCall, clusterEvalQ,
    clusterExport, clusterMap, parApply, parCapply, parLapply,
    parLapplyLB, parRapply, parSapply, parSapplyLB

The following objects are masked from ‘package:stats’:

    IQR, mad, sd, var, xtabs


Attaching package: ‘BiocGenerics’

The following objects are masked from ‘package:parallel’:

    clusterApply, clusterApplyLB, clusterCall, clusterEvalQ,
    clusterExport, clusterMap, parApply, parCapply, parLapply,
    parLapplyLB, parRapply, parSapply, parSapplyLB


Attaching package: ‘BiocGenerics’

The following objects are masked from ‘package:parallel’:

    clusterApply, clusterApplyLB, clusterCall, clusterEvalQ,
    clusterExport, clusterMap, parApply, parCapply, parLapply,
    parLapplyLB, parRapply, parSapply, parSapplyLB

The following objects are masked from ‘package:stats’:

    IQR, mad, sd, var, xtabs


Attaching package: ‘BiocGenerics’

The following objects are masked from ‘package:stats’:

    IQR, mad, sd, var, xtabs

The following objects are masked from ‘package:parallel’:

    clusterApply, clusterApplyLB, clusterCall, clusterEvalQ,
    clusterExport, clusterMap, parApply, parCapply, parLapply,
    parLapplyLB, parRapply, parSapply, parSapplyLB

The following objects are masked from ‘package:stats’:

    IQR, mad, sd, var, xtabs

The following objects are masked from ‘package:base’:

    anyDuplicated, append, as.data.frame, basename, cbind, colMeans,
    colnames, colSums, dirname, do.call, duplicated, eval, evalq,
    Filter, Find, get, grep, grepl, intersect, is.unsorted, lapply,
    lengths, Map, mapply, match, mget, order, paste, pmax, pmax.int,
    pmin, pmin.int, Position, rank, rbind, Reduce, rowMeans, rownames,
    rowSums, sapply, setdiff, sort, table, tapply, union, unique,
    unsplit, which, which.max, which.min


Attaching package: ‘BiocGenerics’

The following objects are masked from ‘package:base’:

    anyDuplicated, append, as.data.frame, basename, cbind, colMeans,
    colnames, colSums, dirname, do.call, duplicated, eval, evalq,
    Filter, Find, get, grep, grepl, intersect, is.unsorted, lapply,
    lengths, Map, mapply, match, mget, order, paste, pmax, pmax.int,
    pmin, pmin.int, Position, rank, rbind, Reduce, rowMeans, rownames,
    rowSums, sapply, setdiff, sort, table, tapply, union, unique,
    unsplit, which, which.max, which.min

The following objects are masked from ‘package:parallel’:

    clusterApply, clusterApplyLB, clusterCall, clusterEvalQ,
    clusterExport, clusterMap, parApply, parCapply, parLapply,
    parLapplyLB, parRapply, parSapply, parSapplyLB

Loading required package: S4Vectors
Loading required package: S4Vectors
The following objects are masked from ‘package:base’:

    anyDuplicated, append, as.data.frame, basename, cbind, colMeans,
    colnames, colSums, dirname, do.call, duplicated, eval, evalq,
    Filter, Find, get, grep, grepl, intersect, is.unsorted, lapply,
    lengths, Map, mapply, match, mget, order, paste, pmax, pmax.int,
    pmin, pmin.int, Position, rank, rbind, Reduce, rowMeans, rownames,
    rowSums, sapply, setdiff, sort, table, tapply, union, unique,
    unsplit, which, which.max, which.min


Attaching package: ‘BiocGenerics’

The following objects are masked from ‘package:stats’:

    IQR, mad, sd, var, xtabs


Attaching package: ‘BiocGenerics’

The following objects are masked from ‘package:base’:

    anyDuplicated, append, as.data.frame, basename, cbind, colMeans,
    colnames, colSums, dirname, do.call, duplicated, eval, evalq,
    Filter, Find, get, grep, grepl, intersect, is.unsorted, lapply,
    lengths, Map, mapply, match, mget, order, paste, pmax, pmax.int,
    pmin, pmin.int, Position, rank, rbind, Reduce, rowMeans, rownames,
    rowSums, sapply, setdiff, sort, table, tapply, union, unique,
    unsplit, which, which.max, which.min

The following objects are masked from ‘package:parallel’:

    clusterApply, clusterApplyLB, clusterCall, clusterEvalQ,
    clusterExport, clusterMap, parApply, parCapply, parLapply,
    parLapplyLB, parRapply, parSapply, parSapplyLB

Loading required package: S4Vectors
The following objects are masked from ‘package:parallel’:

    clusterApply, clusterApplyLB, clusterCall, clusterEvalQ,
    clusterExport, clusterMap, parApply, parCapply, parLapply,
    parLapplyLB, parRapply, parSapply, parSapplyLB

Loading required package: S4Vectors
The following objects are masked from ‘package:stats’:

    IQR, mad, sd, var, xtabs

The following objects are masked from ‘package:stats’:

    IQR, mad, sd, var, xtabs

Loading required package: stats4
Loading required package: stats4
The following objects are masked from ‘package:base’:

    anyDuplicated, append, as.data.frame, basename, cbind, colMeans,
    colnames, colSums, dirname, do.call, duplicated, eval, evalq,
    Filter, Find, get, grep, grepl, intersect, is.unsorted, lapply,
    lengths, Map, mapply, match, mget, order, paste, pmax, pmax.int,
    pmin, pmin.int, Position, rank, rbind, Reduce, rowMeans, rownames,
    rowSums, sapply, setdiff, sort, table, tapply, union, unique,
    unsplit, which, which.max, which.min

Loading required package: stats4

Attaching package: ‘BiocGenerics’

Loading required package: S4Vectors
Loading required package: stats4
The following objects are masked from ‘package:parallel’:

    clusterApply, clusterApplyLB, clusterCall, clusterEvalQ,
    clusterExport, clusterMap, parApply, parCapply, parLapply,
    parLapplyLB, parRapply, parSapply, parSapplyLB

The following objects are masked from ‘package:base’:

    anyDuplicated, append, as.data.frame, basename, cbind, colMeans,
    colnames, colSums, dirname, do.call, duplicated, eval, evalq,
    Filter, Find, get, grep, grepl, intersect, is.unsorted, lapply,
    lengths, Map, mapply, match, mget, order, paste, pmax, pmax.int,
    pmin, pmin.int, Position, rank, rbind, Reduce, rowMeans, rownames,
    rowSums, sapply, setdiff, sort, table, tapply, union, unique,
    unsplit, which, which.max, which.min

The following objects are masked from ‘package:base’:

    anyDuplicated, append, as.data.frame, basename, cbind, colMeans,
    colnames, colSums, dirname, do.call, duplicated, eval, evalq,
    Filter, Find, get, grep, grepl, intersect, is.unsorted, lapply,
    lengths, Map, mapply, match, mget, order, paste, pmax, pmax.int,
    pmin, pmin.int, Position, rank, rbind, Reduce, rowMeans, rownames,
    rowSums, sapply, setdiff, sort, table, tapply, union, unique,
    unsplit, which, which.max, which.min

The following objects are masked from ‘package:stats’:

    IQR, mad, sd, var, xtabs

Loading required package: S4Vectors
Loading required package: stats4
Loading required package: S4Vectors
Loading required package: stats4
The following objects are masked from ‘package:base’:

    anyDuplicated, append, as.data.frame, basename, cbind, colMeans,
    colnames, colSums, dirname, do.call, duplicated, eval, evalq,
    Filter, Find, get, grep, grepl, intersect, is.unsorted, lapply,
    lengths, Map, mapply, match, mget, order, paste, pmax, pmax.int,
    pmin, pmin.int, Position, rank, rbind, Reduce, rowMeans, rownames,
    rowSums, sapply, setdiff, sort, table, tapply, union, unique,
    unsplit, which, which.max, which.min

Loading required package: stats4
Loading required package: S4Vectors
Loading required package: stats4

Attaching package: ‘S4Vectors’

The following objects are masked from ‘package:data.table’:

    first, second

The following object is masked from ‘package:base’:

    expand.grid

Loading required package: IRanges

Attaching package: ‘S4Vectors’

The following objects are masked from ‘package:data.table’:

    first, second

The following object is masked from ‘package:base’:

    expand.grid

Loading required package: IRanges

Attaching package: ‘S4Vectors’

The following objects are masked from ‘package:data.table’:

    first, second


Attaching package: ‘S4Vectors’

The following objects are masked from ‘package:data.table’:

    first, second

The following object is masked from ‘package:base’:

    expand.grid


Attaching package: ‘S4Vectors’

Loading required package: IRanges
The following objects are masked from ‘package:data.table’:

    first, second

The following object is masked from ‘package:base’:

    expand.grid


Attaching package: ‘S4Vectors’

The following objects are masked from ‘package:data.table’:

    first, second

The following object is masked from ‘package:base’:

    expand.grid

Loading required package: IRanges
The following object is masked from ‘package:base’:

    expand.grid

Loading required package: IRanges
Loading required package: IRanges

Attaching package: ‘S4Vectors’

The following objects are masked from ‘package:data.table’:

    first, second

The following object is masked from ‘package:base’:

    expand.grid

Loading required package: IRanges

Attaching package: ‘S4Vectors’

The following objects are masked from ‘package:data.table’:

    first, second

The following object is masked from ‘package:base’:

    expand.grid

Loading required package: IRanges

Attaching package: ‘IRanges’

The following object is masked from ‘package:data.table’:

    shift

Loading required package: GenomeInfoDb

Attaching package: ‘IRanges’

The following object is masked from ‘package:data.table’:

    shift


Attaching package: ‘IRanges’

The following object is masked from ‘package:data.table’:

    shift


Attaching package: ‘IRanges’

The following object is masked from ‘package:data.table’:

    shift


Attaching package: ‘IRanges’

The following object is masked from ‘package:data.table’:

    shift

Loading required package: GenomeInfoDb
Loading required package: GenomeInfoDb
Loading required package: GenomeInfoDb
Loading required package: GenomeInfoDb

Attaching package: ‘IRanges’

The following object is masked from ‘package:data.table’:

    shift

Loading required package: GenomeInfoDb

Attaching package: ‘IRanges’

The following object is masked from ‘package:data.table’:

    shift

Loading required package: GenomeInfoDb

Attaching package: ‘IRanges’

The following object is masked from ‘package:data.table’:

    shift

Loading required package: GenomeInfoDb
Loading required package: GenomicRanges
Loading required package: GenomicRanges
Loading required package: GenomicRanges
Loading required package: GenomicRanges
Loading required package: GenomicRanges
Loading required package: GenomicRanges
Loading required package: GenomicRanges
Loading required package: GenomicRanges
Loading required package: SummarizedExperiment
Loading required package: SummarizedExperiment
Loading required package: Biobase
Loading required package: Biobase
Loading required package: SummarizedExperiment
Loading required package: SummarizedExperiment
Loading required package: SummarizedExperiment
Loading required package: Biobase
Loading required package: Biobase
Loading required package: Biobase
Loading required package: SummarizedExperiment
Loading required package: Biobase
Loading required package: SummarizedExperiment
Loading required package: SummarizedExperiment
Loading required package: Biobase
Loading required package: Biobase
Welcome to Bioconductor

    Vignettes contain introductory material; view with
    'browseVignettes()'. To cite Bioconductor, see
    'citation("Biobase")', and for packages 'citation("pkgname")'.

Loading required package: DelayedArray
Loading required package: matrixStats

Attaching package: ‘matrixStats’

Welcome to Bioconductor

    Vignettes contain introductory material; view with
    'browseVignettes()'. To cite Bioconductor, see
    'citation("Biobase")', and for packages 'citation("pkgname")'.

The following objects are masked from ‘package:Biobase’:

    anyMissing, rowMedians

Loading required package: DelayedArray
Welcome to Bioconductor

    Vignettes contain introductory material; view with
    'browseVignettes()'. To cite Bioconductor, see
    'citation("Biobase")', and for packages 'citation("pkgname")'.

Loading required package: BiocParallel
Loading required package: matrixStats
Welcome to Bioconductor

    Vignettes contain introductory material; view with
    'browseVignettes()'. To cite Bioconductor, see
    'citation("Biobase")', and for packages 'citation("pkgname")'.

Welcome to Bioconductor

    Vignettes contain introductory material; view with
    'browseVignettes()'. To cite Bioconductor, see
    'citation("Biobase")', and for packages 'citation("pkgname")'.

Loading required package: DelayedArray
Loading required package: DelayedArray
Loading required package: DelayedArray
Loading required package: matrixStats
Loading required package: matrixStats

Attaching package: ‘matrixStats’

Loading required package: matrixStats
The following objects are masked from ‘package:Biobase’:

    anyMissing, rowMedians

Loading required package: BiocParallel
Welcome to Bioconductor

    Vignettes contain introductory material; view with
    'browseVignettes()'. To cite Bioconductor, see
    'citation("Biobase")', and for packages 'citation("pkgname")'.


Attaching package: ‘matrixStats’

The following objects are masked from ‘package:Biobase’:

    anyMissing, rowMedians


Attaching package: ‘matrixStats’

The following objects are masked from ‘package:Biobase’:

    anyMissing, rowMedians

Welcome to Bioconductor

    Vignettes contain introductory material; view with
    'browseVignettes()'. To cite Bioconductor, see
    'citation("Biobase")', and for packages 'citation("pkgname")'.


Attaching package: ‘matrixStats’

Welcome to Bioconductor

    Vignettes contain introductory material; view with
    'browseVignettes()'. To cite Bioconductor, see
    'citation("Biobase")', and for packages 'citation("pkgname")'.

Loading required package: DelayedArray
The following objects are masked from ‘package:Biobase’:

    anyMissing, rowMedians

Loading required package: BiocParallel
Loading required package: BiocParallel
Loading required package: DelayedArray
Loading required package: matrixStats
Loading required package: DelayedArray
Loading required package: BiocParallel
Loading required package: matrixStats
Loading required package: matrixStats

Attaching package: ‘matrixStats’

The following objects are masked from ‘package:Biobase’:

    anyMissing, rowMedians


Attaching package: ‘matrixStats’

The following objects are masked from ‘package:Biobase’:

    anyMissing, rowMedians


Attaching package: ‘matrixStats’

The following objects are masked from ‘package:Biobase’:

    anyMissing, rowMedians

Loading required package: BiocParallel
Loading required package: BiocParallel
Loading required package: BiocParallel

Attaching package: ‘DelayedArray’

The following objects are masked from ‘package:matrixStats’:

    colMaxs, colMins, colRanges, rowMaxs, rowMins, rowRanges

The following objects are masked from ‘package:base’:

    aperm, apply


Attaching package: ‘DelayedArray’

The following objects are masked from ‘package:matrixStats’:

    colMaxs, colMins, colRanges, rowMaxs, rowMins, rowRanges

The following objects are masked from ‘package:base’:

    aperm, apply


Attaching package: ‘DelayedArray’

The following objects are masked from ‘package:matrixStats’:

    colMaxs, colMins, colRanges, rowMaxs, rowMins, rowRanges


Attaching package: ‘DelayedArray’

The following objects are masked from ‘package:matrixStats’:

    colMaxs, colMins, colRanges, rowMaxs, rowMins, rowRanges

The following objects are masked from ‘package:base’:

    aperm, apply

The following objects are masked from ‘package:base’:

    aperm, apply


Attaching package: ‘DelayedArray’

The following objects are masked from ‘package:matrixStats’:

    colMaxs, colMins, colRanges, rowMaxs, rowMins, rowRanges


Attaching package: ‘DelayedArray’

The following objects are masked from ‘package:matrixStats’:

    colMaxs, colMins, colRanges, rowMaxs, rowMins, rowRanges

The following objects are masked from ‘package:base’:

    aperm, apply


Attaching package: ‘DelayedArray’

The following objects are masked from ‘package:matrixStats’:

    colMaxs, colMins, colRanges, rowMaxs, rowMins, rowRanges

The following objects are masked from ‘package:base’:

    aperm, apply

The following objects are masked from ‘package:base’:

    aperm, apply


Attaching package: ‘DelayedArray’

The following objects are masked from ‘package:matrixStats’:

    colMaxs, colMins, colRanges, rowMaxs, rowMins, rowRanges

The following objects are masked from ‘package:base’:

    aperm, apply

Loading required package: Biostrings
Loading required package: XVector
Loading required package: Biostrings
Loading required package: XVector
Loading required package: Biostrings
Loading required package: Biostrings
Loading required package: XVector
Loading required package: XVector
Loading required package: Biostrings
Loading required package: Biostrings
Loading required package: XVector
Loading required package: XVector
Loading required package: Biostrings
Loading required package: Biostrings
Loading required package: XVector
Loading required package: XVector

Attaching package: ‘Biostrings’

The following object is masked from ‘package:DelayedArray’:

    type

The following object is masked from ‘package:base’:

    strsplit

Loading required package: Rsamtools

Attaching package: ‘Biostrings’

The following object is masked from ‘package:DelayedArray’:

    type

The following object is masked from ‘package:base’:

    strsplit

Loading required package: Rsamtools

Attaching package: ‘Biostrings’

The following object is masked from ‘package:DelayedArray’:

    type

The following object is masked from ‘package:base’:

    strsplit


Attaching package: ‘Biostrings’

The following object is masked from ‘package:DelayedArray’:

    type

Loading required package: Rsamtools
The following object is masked from ‘package:base’:

    strsplit

Loading required package: Rsamtools

Attaching package: ‘Biostrings’

The following object is masked from ‘package:DelayedArray’:

    type


Attaching package: ‘Biostrings’

The following object is masked from ‘package:DelayedArray’:

    type

The following object is masked from ‘package:base’:

    strsplit

Loading required package: Rsamtools
The following object is masked from ‘package:base’:

    strsplit

Loading required package: Rsamtools

Attaching package: ‘Biostrings’


Attaching package: ‘Biostrings’

The following object is masked from ‘package:DelayedArray’:

    type

The following object is masked from ‘package:DelayedArray’:

    type

The following object is masked from ‘package:base’:

    strsplit

The following object is masked from ‘package:base’:

    strsplit

Loading required package: Rsamtools
Loading required package: Rsamtools

Attaching package: ‘GenomicAlignments’

The following object is masked from ‘package:data.table’:

    last


Attaching package: ‘GenomicAlignments’

The following object is masked from ‘package:data.table’:

    last


Attaching package: ‘GenomicAlignments’

The following object is masked from ‘package:data.table’:

    last


Attaching package: ‘GenomicAlignments’

The following object is masked from ‘package:data.table’:

    last


Attaching package: ‘GenomicAlignments’

The following object is masked from ‘package:data.table’:

    last


Attaching package: ‘GenomicAlignments’

The following object is masked from ‘package:data.table’:

    last


Attaching package: ‘GenomicAlignments’

The following object is masked from ‘package:data.table’:

    last


Attaching package: ‘GenomicAlignments’

The following object is masked from ‘package:data.table’:

    last

[1] "Reading /Users/jordan/Desktop/transcriptome_isrib/transcriptome_bams/merge/SRR1795435.trans.bam"
[1] "Reading /Users/jordan/Desktop/transcriptome_isrib/transcriptome_bams/merge/SRR1795429.trans.bam"
[1] "Reading /Users/jordan/Desktop/transcriptome_isrib/transcriptome_bams/merge/SRR1795427.trans.bam"
[1] "Reading /Users/jordan/Desktop/transcriptome_isrib/transcriptome_bams/merge/SRR1795433.trans.bam"
[1] "Reading /Users/jordan/Desktop/transcriptome_isrib/transcriptome_bams/merge/SRR1795437.trans.bam"
[1] "Reading /Users/jordan/Desktop/transcriptome_isrib/transcriptome_bams/merge/SRR1795431.trans.bam"
[1] "Reading /Users/jordan/Desktop/transcriptome_isrib/transcriptome_bams/merge/SRR1795425.trans.bam"
[1] "Reading /Users/jordan/Desktop/transcriptome_isrib/transcriptome_bams/merge/SRR1795439.trans.bam"
[1] "Processing 56629803 BAM records..."
[1] "Processing 70841180 BAM records..."
[1] "Processing 72450365 BAM records..."
[1] "Processing 77246206 BAM records..."
[1] "Processing 102633927 BAM records..."
[1] "Processing 104537077 BAM records..."
[1] "Processing 109502950 BAM records..."
[1] "Processing 139378031 BAM records..."
